CRITICAL - 2024-10-21 04:30:47 --> ErrorException: Undefined variable: schools
in APPPATH\Views\admin\partials\header.php on line 85.
 1 APPPATH\Views\admin\partials\header.php(85): CodeIgniter\Debug\Exceptions->errorHandler(8, 'Undefined variable: schools', 'C:\\xampp\\htdocs\\sarpras\\app\\Views\\admin\\partials\\header.php', 85, [...])
 2 SYSTEMPATH\View\View.php(228): include('C:\\xampp\\htdocs\\sarpras\\app\\Views\\admin\\partials\\header.php')
 3 SYSTEMPATH\View\View.php(231): CodeIgniter\View\View->CodeIgniter\View\{closure}()
 4 SYSTEMPATH\View\View.php(469): CodeIgniter\View\View->render('admin/partials/header', null, true)
 5 APPPATH\Views\admin\dashboard.php(1): CodeIgniter\View\View->include('admin/partials/header')
 6 SYSTEMPATH\View\View.php(228): include('C:\\xampp\\htdocs\\sarpras\\app\\Views\\admin\\dashboard.php')
 7 SYSTEMPATH\View\View.php(231): CodeIgniter\View\View->CodeIgniter\View\{closure}()
 8 SYSTEMPATH\Common.php(1178): CodeIgniter\View\View->render('admin/dashboard', [], true)
 9 APPPATH\Controllers\AdminController.php(58): view('admin/dashboard', [...])
10 SYSTEMPATH\CodeIgniter.php(943): App\Controllers\AdminController->dashboard()
11 SYSTEMPATH\CodeIgniter.php(503): CodeIgniter\CodeIgniter->runController(Object(App\Controllers\AdminController))
12 SYSTEMPATH\CodeIgniter.php(361): CodeIgniter\CodeIgniter->handleRequest(null, Object(Config\Cache), false)
13 FCPATH\index.php(79): CodeIgniter\CodeIgniter->run()
14 SYSTEMPATH\Commands\Server\rewrite.php(47): require_once('C:\\xampp\\htdocs\\sarpras\\public\\index.php')
CRITICAL - 2024-10-21 04:33:50 --> ErrorException: Undefined variable: schools
in APPPATH\Views\admin\partials\header.php on line 85.
 1 APPPATH\Views\admin\partials\header.php(85): CodeIgniter\Debug\Exceptions->errorHandler(8, 'Undefined variable: schools', 'C:\\xampp\\htdocs\\sarpras\\app\\Views\\admin\\partials\\header.php', 85, [...])
 2 SYSTEMPATH\View\View.php(228): include('C:\\xampp\\htdocs\\sarpras\\app\\Views\\admin\\partials\\header.php')
 3 SYSTEMPATH\View\View.php(231): CodeIgniter\View\View->CodeIgniter\View\{closure}()
 4 SYSTEMPATH\View\View.php(469): CodeIgniter\View\View->render('admin/partials/header', null, true)
 5 APPPATH\Views\admin\dashboard.php(1): CodeIgniter\View\View->include('admin/partials/header')
 6 SYSTEMPATH\View\View.php(228): include('C:\\xampp\\htdocs\\sarpras\\app\\Views\\admin\\dashboard.php')
 7 SYSTEMPATH\View\View.php(231): CodeIgniter\View\View->CodeIgniter\View\{closure}()
 8 SYSTEMPATH\Common.php(1178): CodeIgniter\View\View->render('admin/dashboard', [], true)
 9 APPPATH\Controllers\AdminController.php(67): view('admin/dashboard', [...])
10 SYSTEMPATH\CodeIgniter.php(943): App\Controllers\AdminController->dashboard()
11 SYSTEMPATH\CodeIgniter.php(503): CodeIgniter\CodeIgniter->runController(Object(App\Controllers\AdminController))
12 SYSTEMPATH\CodeIgniter.php(361): CodeIgniter\CodeIgniter->handleRequest(null, Object(Config\Cache), false)
13 FCPATH\index.php(79): CodeIgniter\CodeIgniter->run()
14 SYSTEMPATH\Commands\Server\rewrite.php(47): require_once('C:\\xampp\\htdocs\\sarpras\\public\\index.php')
CRITICAL - 2024-10-21 04:33:53 --> ErrorException: Undefined variable: schools
in APPPATH\Views\admin\partials\header.php on line 85.
 1 APPPATH\Views\admin\partials\header.php(85): CodeIgniter\Debug\Exceptions->errorHandler(8, 'Undefined variable: schools', 'C:\\xampp\\htdocs\\sarpras\\app\\Views\\admin\\partials\\header.php', 85, [...])
 2 SYSTEMPATH\View\View.php(228): include('C:\\xampp\\htdocs\\sarpras\\app\\Views\\admin\\partials\\header.php')
 3 SYSTEMPATH\View\View.php(231): CodeIgniter\View\View->CodeIgniter\View\{closure}()
 4 SYSTEMPATH\View\View.php(469): CodeIgniter\View\View->render('admin/partials/header', null, true)
 5 APPPATH\Views\admin\dashboard.php(1): CodeIgniter\View\View->include('admin/partials/header')
 6 SYSTEMPATH\View\View.php(228): include('C:\\xampp\\htdocs\\sarpras\\app\\Views\\admin\\dashboard.php')
 7 SYSTEMPATH\View\View.php(231): CodeIgniter\View\View->CodeIgniter\View\{closure}()
 8 SYSTEMPATH\Common.php(1178): CodeIgniter\View\View->render('admin/dashboard', [], true)
 9 APPPATH\Controllers\AdminController.php(67): view('admin/dashboard', [...])
10 SYSTEMPATH\CodeIgniter.php(943): App\Controllers\AdminController->dashboard()
11 SYSTEMPATH\CodeIgniter.php(503): CodeIgniter\CodeIgniter->runController(Object(App\Controllers\AdminController))
12 SYSTEMPATH\CodeIgniter.php(361): CodeIgniter\CodeIgniter->handleRequest(null, Object(Config\Cache), false)
13 FCPATH\index.php(79): CodeIgniter\CodeIgniter->run()
14 SYSTEMPATH\Commands\Server\rewrite.php(47): require_once('C:\\xampp\\htdocs\\sarpras\\public\\index.php')
CRITICAL - 2024-10-21 04:40:15 --> ErrorException: Undefined variable: schools
in APPPATH\Views\admin\partials\header.php on line 107.
 1 APPPATH\Views\admin\partials\header.php(107): CodeIgniter\Debug\Exceptions->errorHandler(8, 'Undefined variable: schools', 'C:\\xampp\\htdocs\\sarpras\\app\\Views\\admin\\partials\\header.php', 107, [...])
 2 SYSTEMPATH\View\View.php(228): include('C:\\xampp\\htdocs\\sarpras\\app\\Views\\admin\\partials\\header.php')
 3 SYSTEMPATH\View\View.php(231): CodeIgniter\View\View->CodeIgniter\View\{closure}()
 4 SYSTEMPATH\View\View.php(469): CodeIgniter\View\View->render('admin/partials/header', null, true)
 5 APPPATH\Views\admin\dashboard.php(1): CodeIgniter\View\View->include('admin/partials/header')
 6 SYSTEMPATH\View\View.php(228): include('C:\\xampp\\htdocs\\sarpras\\app\\Views\\admin\\dashboard.php')
 7 SYSTEMPATH\View\View.php(231): CodeIgniter\View\View->CodeIgniter\View\{closure}()
 8 SYSTEMPATH\Common.php(1178): CodeIgniter\View\View->render('admin/dashboard', [], true)
 9 APPPATH\Controllers\AdminController.php(66): view('admin/dashboard', [...])
10 SYSTEMPATH\CodeIgniter.php(943): App\Controllers\AdminController->dashboard()
11 SYSTEMPATH\CodeIgniter.php(503): CodeIgniter\CodeIgniter->runController(Object(App\Controllers\AdminController))
12 SYSTEMPATH\CodeIgniter.php(361): CodeIgniter\CodeIgniter->handleRequest(null, Object(Config\Cache), false)
13 FCPATH\index.php(79): CodeIgniter\CodeIgniter->run()
14 SYSTEMPATH\Commands\Server\rewrite.php(47): require_once('C:\\xampp\\htdocs\\sarpras\\public\\index.php')
CRITICAL - 2024-10-21 04:47:17 --> ErrorException: Undefined variable: schools
in APPPATH\Views\admin\partials\header.php on line 107.
 1 APPPATH\Views\admin\partials\header.php(107): CodeIgniter\Debug\Exceptions->errorHandler(8, 'Undefined variable: schools', 'C:\\xampp\\htdocs\\sarpras\\app\\Views\\admin\\partials\\header.php', 107, [...])
 2 SYSTEMPATH\View\View.php(228): include('C:\\xampp\\htdocs\\sarpras\\app\\Views\\admin\\partials\\header.php')
 3 SYSTEMPATH\View\View.php(231): CodeIgniter\View\View->CodeIgniter\View\{closure}()
 4 SYSTEMPATH\View\View.php(469): CodeIgniter\View\View->render('admin/partials/header', null, true)
 5 APPPATH\Views\admin\dashboard.php(1): CodeIgniter\View\View->include('admin/partials/header')
 6 SYSTEMPATH\View\View.php(228): include('C:\\xampp\\htdocs\\sarpras\\app\\Views\\admin\\dashboard.php')
 7 SYSTEMPATH\View\View.php(231): CodeIgniter\View\View->CodeIgniter\View\{closure}()
 8 SYSTEMPATH\Common.php(1178): CodeIgniter\View\View->render('admin/dashboard', [], true)
 9 APPPATH\Controllers\AdminController.php(66): view('admin/dashboard', [...])
10 SYSTEMPATH\CodeIgniter.php(943): App\Controllers\AdminController->dashboard()
11 SYSTEMPATH\CodeIgniter.php(503): CodeIgniter\CodeIgniter->runController(Object(App\Controllers\AdminController))
12 SYSTEMPATH\CodeIgniter.php(361): CodeIgniter\CodeIgniter->handleRequest(null, Object(Config\Cache), false)
13 FCPATH\index.php(79): CodeIgniter\CodeIgniter->run()
14 SYSTEMPATH\Commands\Server\rewrite.php(47): require_once('C:\\xampp\\htdocs\\sarpras\\public\\index.php')
CRITICAL - 2024-10-21 04:57:31 --> ErrorException: Undefined variable: schools
in APPPATH\Views\admin\partials\header.php on line 109.
 1 APPPATH\Views\admin\partials\header.php(109): CodeIgniter\Debug\Exceptions->errorHandler(8, 'Undefined variable: schools', 'C:\\xampp\\htdocs\\sarpras\\app\\Views\\admin\\partials\\header.php', 109, [...])
 2 SYSTEMPATH\View\View.php(228): include('C:\\xampp\\htdocs\\sarpras\\app\\Views\\admin\\partials\\header.php')
 3 SYSTEMPATH\View\View.php(231): CodeIgniter\View\View->CodeIgniter\View\{closure}()
 4 SYSTEMPATH\View\View.php(469): CodeIgniter\View\View->render('admin/partials/header', null, true)
 5 APPPATH\Views\admin\dataaset\index.php(1): CodeIgniter\View\View->include('admin/partials/header')
 6 SYSTEMPATH\View\View.php(228): include('C:\\xampp\\htdocs\\sarpras\\app\\Views\\admin\\dataaset\\index.php')
 7 SYSTEMPATH\View\View.php(231): CodeIgniter\View\View->CodeIgniter\View\{closure}()
 8 SYSTEMPATH\Common.php(1178): CodeIgniter\View\View->render('admin/dataaset/index', [], true)
 9 APPPATH\Controllers\DataAsetController.php(22): view('admin/dataaset/index', [...])
10 SYSTEMPATH\CodeIgniter.php(943): App\Controllers\DataAsetController->index()
11 SYSTEMPATH\CodeIgniter.php(503): CodeIgniter\CodeIgniter->runController(Object(App\Controllers\DataAsetController))
12 SYSTEMPATH\CodeIgniter.php(361): CodeIgniter\CodeIgniter->handleRequest(null, Object(Config\Cache), false)
13 FCPATH\index.php(79): CodeIgniter\CodeIgniter->run()
14 SYSTEMPATH\Commands\Server\rewrite.php(47): require_once('C:\\xampp\\htdocs\\sarpras\\public\\index.php')
CRITICAL - 2024-10-21 05:02:01 --> ErrorException: Undefined variable: schools
in APPPATH\Views\admin\partials\header.php on line 109.
 1 APPPATH\Views\admin\partials\header.php(109): CodeIgniter\Debug\Exceptions->errorHandler(8, 'Undefined variable: schools', 'C:\\xampp\\htdocs\\sarpras\\app\\Views\\admin\\partials\\header.php', 109, [...])
 2 SYSTEMPATH\View\View.php(228): include('C:\\xampp\\htdocs\\sarpras\\app\\Views\\admin\\partials\\header.php')
 3 SYSTEMPATH\View\View.php(231): CodeIgniter\View\View->CodeIgniter\View\{closure}()
 4 SYSTEMPATH\View\View.php(469): CodeIgniter\View\View->render('admin/partials/header', null, true)
 5 APPPATH\Views\admin\dataaset\index.php(1): CodeIgniter\View\View->include('admin/partials/header')
 6 SYSTEMPATH\View\View.php(228): include('C:\\xampp\\htdocs\\sarpras\\app\\Views\\admin\\dataaset\\index.php')
 7 SYSTEMPATH\View\View.php(231): CodeIgniter\View\View->CodeIgniter\View\{closure}()
 8 SYSTEMPATH\Common.php(1178): CodeIgniter\View\View->render('admin/dataaset/index', [], true)
 9 APPPATH\Controllers\DataAsetController.php(22): view('admin/dataaset/index', [...])
10 SYSTEMPATH\CodeIgniter.php(943): App\Controllers\DataAsetController->index()
11 SYSTEMPATH\CodeIgniter.php(503): CodeIgniter\CodeIgniter->runController(Object(App\Controllers\DataAsetController))
12 SYSTEMPATH\CodeIgniter.php(361): CodeIgniter\CodeIgniter->handleRequest(null, Object(Config\Cache), false)
13 FCPATH\index.php(79): CodeIgniter\CodeIgniter->run()
14 SYSTEMPATH\Commands\Server\rewrite.php(47): require_once('C:\\xampp\\htdocs\\sarpras\\public\\index.php')
CRITICAL - 2024-10-21 05:02:02 --> ErrorException: Undefined variable: schools
in APPPATH\Views\admin\partials\header.php on line 109.
 1 APPPATH\Views\admin\partials\header.php(109): CodeIgniter\Debug\Exceptions->errorHandler(8, 'Undefined variable: schools', 'C:\\xampp\\htdocs\\sarpras\\app\\Views\\admin\\partials\\header.php', 109, [...])
 2 SYSTEMPATH\View\View.php(228): include('C:\\xampp\\htdocs\\sarpras\\app\\Views\\admin\\partials\\header.php')
 3 SYSTEMPATH\View\View.php(231): CodeIgniter\View\View->CodeIgniter\View\{closure}()
 4 SYSTEMPATH\View\View.php(469): CodeIgniter\View\View->render('admin/partials/header', null, true)
 5 APPPATH\Views\admin\dataaset\index.php(1): CodeIgniter\View\View->include('admin/partials/header')
 6 SYSTEMPATH\View\View.php(228): include('C:\\xampp\\htdocs\\sarpras\\app\\Views\\admin\\dataaset\\index.php')
 7 SYSTEMPATH\View\View.php(231): CodeIgniter\View\View->CodeIgniter\View\{closure}()
 8 SYSTEMPATH\Common.php(1178): CodeIgniter\View\View->render('admin/dataaset/index', [], true)
 9 APPPATH\Controllers\DataAsetController.php(22): view('admin/dataaset/index', [...])
10 SYSTEMPATH\CodeIgniter.php(943): App\Controllers\DataAsetController->index()
11 SYSTEMPATH\CodeIgniter.php(503): CodeIgniter\CodeIgniter->runController(Object(App\Controllers\DataAsetController))
12 SYSTEMPATH\CodeIgniter.php(361): CodeIgniter\CodeIgniter->handleRequest(null, Object(Config\Cache), false)
13 FCPATH\index.php(79): CodeIgniter\CodeIgniter->run()
14 SYSTEMPATH\Commands\Server\rewrite.php(47): require_once('C:\\xampp\\htdocs\\sarpras\\public\\index.php')
CRITICAL - 2024-10-21 05:02:02 --> ErrorException: Undefined variable: schools
in APPPATH\Views\admin\partials\header.php on line 109.
 1 APPPATH\Views\admin\partials\header.php(109): CodeIgniter\Debug\Exceptions->errorHandler(8, 'Undefined variable: schools', 'C:\\xampp\\htdocs\\sarpras\\app\\Views\\admin\\partials\\header.php', 109, [...])
 2 SYSTEMPATH\View\View.php(228): include('C:\\xampp\\htdocs\\sarpras\\app\\Views\\admin\\partials\\header.php')
 3 SYSTEMPATH\View\View.php(231): CodeIgniter\View\View->CodeIgniter\View\{closure}()
 4 SYSTEMPATH\View\View.php(469): CodeIgniter\View\View->render('admin/partials/header', null, true)
 5 APPPATH\Views\admin\dataaset\index.php(1): CodeIgniter\View\View->include('admin/partials/header')
 6 SYSTEMPATH\View\View.php(228): include('C:\\xampp\\htdocs\\sarpras\\app\\Views\\admin\\dataaset\\index.php')
 7 SYSTEMPATH\View\View.php(231): CodeIgniter\View\View->CodeIgniter\View\{closure}()
 8 SYSTEMPATH\Common.php(1178): CodeIgniter\View\View->render('admin/dataaset/index', [], true)
 9 APPPATH\Controllers\DataAsetController.php(22): view('admin/dataaset/index', [...])
10 SYSTEMPATH\CodeIgniter.php(943): App\Controllers\DataAsetController->index()
11 SYSTEMPATH\CodeIgniter.php(503): CodeIgniter\CodeIgniter->runController(Object(App\Controllers\DataAsetController))
12 SYSTEMPATH\CodeIgniter.php(361): CodeIgniter\CodeIgniter->handleRequest(null, Object(Config\Cache), false)
13 FCPATH\index.php(79): CodeIgniter\CodeIgniter->run()
14 SYSTEMPATH\Commands\Server\rewrite.php(47): require_once('C:\\xampp\\htdocs\\sarpras\\public\\index.php')
CRITICAL - 2024-10-21 05:02:03 --> ErrorException: Undefined variable: schools
in APPPATH\Views\admin\partials\header.php on line 109.
 1 APPPATH\Views\admin\partials\header.php(109): CodeIgniter\Debug\Exceptions->errorHandler(8, 'Undefined variable: schools', 'C:\\xampp\\htdocs\\sarpras\\app\\Views\\admin\\partials\\header.php', 109, [...])
 2 SYSTEMPATH\View\View.php(228): include('C:\\xampp\\htdocs\\sarpras\\app\\Views\\admin\\partials\\header.php')
 3 SYSTEMPATH\View\View.php(231): CodeIgniter\View\View->CodeIgniter\View\{closure}()
 4 SYSTEMPATH\View\View.php(469): CodeIgniter\View\View->render('admin/partials/header', null, true)
 5 APPPATH\Views\admin\dataaset\index.php(1): CodeIgniter\View\View->include('admin/partials/header')
 6 SYSTEMPATH\View\View.php(228): include('C:\\xampp\\htdocs\\sarpras\\app\\Views\\admin\\dataaset\\index.php')
 7 SYSTEMPATH\View\View.php(231): CodeIgniter\View\View->CodeIgniter\View\{closure}()
 8 SYSTEMPATH\Common.php(1178): CodeIgniter\View\View->render('admin/dataaset/index', [], true)
 9 APPPATH\Controllers\DataAsetController.php(22): view('admin/dataaset/index', [...])
10 SYSTEMPATH\CodeIgniter.php(943): App\Controllers\DataAsetController->index()
11 SYSTEMPATH\CodeIgniter.php(503): CodeIgniter\CodeIgniter->runController(Object(App\Controllers\DataAsetController))
12 SYSTEMPATH\CodeIgniter.php(361): CodeIgniter\CodeIgniter->handleRequest(null, Object(Config\Cache), false)
13 FCPATH\index.php(79): CodeIgniter\CodeIgniter->run()
14 SYSTEMPATH\Commands\Server\rewrite.php(47): require_once('C:\\xampp\\htdocs\\sarpras\\public\\index.php')
CRITICAL - 2024-10-21 05:02:06 --> ErrorException: Undefined variable: schools
in APPPATH\Views\admin\partials\header.php on line 109.
 1 APPPATH\Views\admin\partials\header.php(109): CodeIgniter\Debug\Exceptions->errorHandler(8, 'Undefined variable: schools', 'C:\\xampp\\htdocs\\sarpras\\app\\Views\\admin\\partials\\header.php', 109, [...])
 2 SYSTEMPATH\View\View.php(228): include('C:\\xampp\\htdocs\\sarpras\\app\\Views\\admin\\partials\\header.php')
 3 SYSTEMPATH\View\View.php(231): CodeIgniter\View\View->CodeIgniter\View\{closure}()
 4 SYSTEMPATH\View\View.php(469): CodeIgniter\View\View->render('admin/partials/header', null, true)
 5 APPPATH\Views\admin\dataaset\index.php(1): CodeIgniter\View\View->include('admin/partials/header')
 6 SYSTEMPATH\View\View.php(228): include('C:\\xampp\\htdocs\\sarpras\\app\\Views\\admin\\dataaset\\index.php')
 7 SYSTEMPATH\View\View.php(231): CodeIgniter\View\View->CodeIgniter\View\{closure}()
 8 SYSTEMPATH\Common.php(1178): CodeIgniter\View\View->render('admin/dataaset/index', [], true)
 9 APPPATH\Controllers\DataAsetController.php(22): view('admin/dataaset/index', [...])
10 SYSTEMPATH\CodeIgniter.php(943): App\Controllers\DataAsetController->index()
11 SYSTEMPATH\CodeIgniter.php(503): CodeIgniter\CodeIgniter->runController(Object(App\Controllers\DataAsetController))
12 SYSTEMPATH\CodeIgniter.php(361): CodeIgniter\CodeIgniter->handleRequest(null, Object(Config\Cache), false)
13 FCPATH\index.php(79): CodeIgniter\CodeIgniter->run()
14 SYSTEMPATH\Commands\Server\rewrite.php(47): require_once('C:\\xampp\\htdocs\\sarpras\\public\\index.php')
CRITICAL - 2024-10-21 05:02:23 --> ErrorException: Undefined variable: schools
in APPPATH\Views\admin\partials\header.php on line 109.
 1 APPPATH\Views\admin\partials\header.php(109): CodeIgniter\Debug\Exceptions->errorHandler(8, 'Undefined variable: schools', 'C:\\xampp\\htdocs\\sarpras\\app\\Views\\admin\\partials\\header.php', 109, [...])
 2 SYSTEMPATH\View\View.php(228): include('C:\\xampp\\htdocs\\sarpras\\app\\Views\\admin\\partials\\header.php')
 3 SYSTEMPATH\View\View.php(231): CodeIgniter\View\View->CodeIgniter\View\{closure}()
 4 SYSTEMPATH\View\View.php(469): CodeIgniter\View\View->render('admin/partials/header', null, true)
 5 APPPATH\Views\admin\dataaset\index.php(1): CodeIgniter\View\View->include('admin/partials/header')
 6 SYSTEMPATH\View\View.php(228): include('C:\\xampp\\htdocs\\sarpras\\app\\Views\\admin\\dataaset\\index.php')
 7 SYSTEMPATH\View\View.php(231): CodeIgniter\View\View->CodeIgniter\View\{closure}()
 8 SYSTEMPATH\Common.php(1178): CodeIgniter\View\View->render('admin/dataaset/index', [], true)
 9 APPPATH\Controllers\DataAsetController.php(22): view('admin/dataaset/index', [...])
10 SYSTEMPATH\CodeIgniter.php(943): App\Controllers\DataAsetController->index()
11 SYSTEMPATH\CodeIgniter.php(503): CodeIgniter\CodeIgniter->runController(Object(App\Controllers\DataAsetController))
12 SYSTEMPATH\CodeIgniter.php(361): CodeIgniter\CodeIgniter->handleRequest(null, Object(Config\Cache), false)
13 FCPATH\index.php(79): CodeIgniter\CodeIgniter->run()
14 SYSTEMPATH\Commands\Server\rewrite.php(47): require_once('C:\\xampp\\htdocs\\sarpras\\public\\index.php')
CRITICAL - 2024-10-21 05:02:45 --> ErrorException: Undefined variable: schools
in APPPATH\Views\admin\partials\header.php on line 109.
 1 APPPATH\Views\admin\partials\header.php(109): CodeIgniter\Debug\Exceptions->errorHandler(8, 'Undefined variable: schools', 'C:\\xampp\\htdocs\\sarpras\\app\\Views\\admin\\partials\\header.php', 109, [...])
 2 SYSTEMPATH\View\View.php(228): include('C:\\xampp\\htdocs\\sarpras\\app\\Views\\admin\\partials\\header.php')
 3 SYSTEMPATH\View\View.php(231): CodeIgniter\View\View->CodeIgniter\View\{closure}()
 4 SYSTEMPATH\View\View.php(469): CodeIgniter\View\View->render('admin/partials/header', null, true)
 5 APPPATH\Views\admin\dataaset\index.php(1): CodeIgniter\View\View->include('admin/partials/header')
 6 SYSTEMPATH\View\View.php(228): include('C:\\xampp\\htdocs\\sarpras\\app\\Views\\admin\\dataaset\\index.php')
 7 SYSTEMPATH\View\View.php(231): CodeIgniter\View\View->CodeIgniter\View\{closure}()
 8 SYSTEMPATH\Common.php(1178): CodeIgniter\View\View->render('admin/dataaset/index', [], true)
 9 APPPATH\Controllers\DataAsetController.php(22): view('admin/dataaset/index', [...])
10 SYSTEMPATH\CodeIgniter.php(943): App\Controllers\DataAsetController->index()
11 SYSTEMPATH\CodeIgniter.php(503): CodeIgniter\CodeIgniter->runController(Object(App\Controllers\DataAsetController))
12 SYSTEMPATH\CodeIgniter.php(361): CodeIgniter\CodeIgniter->handleRequest(null, Object(Config\Cache), false)
13 FCPATH\index.php(79): CodeIgniter\CodeIgniter->run()
14 SYSTEMPATH\Commands\Server\rewrite.php(47): require_once('C:\\xampp\\htdocs\\sarpras\\public\\index.php')
CRITICAL - 2024-10-21 05:03:49 --> ErrorException: Undefined variable: schools
in APPPATH\Views\admin\partials\header.php on line 109.
 1 APPPATH\Views\admin\partials\header.php(109): CodeIgniter\Debug\Exceptions->errorHandler(8, 'Undefined variable: schools', 'C:\\xampp\\htdocs\\sarpras\\app\\Views\\admin\\partials\\header.php', 109, [...])
 2 SYSTEMPATH\View\View.php(228): include('C:\\xampp\\htdocs\\sarpras\\app\\Views\\admin\\partials\\header.php')
 3 SYSTEMPATH\View\View.php(231): CodeIgniter\View\View->CodeIgniter\View\{closure}()
 4 SYSTEMPATH\View\View.php(469): CodeIgniter\View\View->render('admin/partials/header', null, true)
 5 APPPATH\Views\admin\dataaset\index.php(1): CodeIgniter\View\View->include('admin/partials/header')
 6 SYSTEMPATH\View\View.php(228): include('C:\\xampp\\htdocs\\sarpras\\app\\Views\\admin\\dataaset\\index.php')
 7 SYSTEMPATH\View\View.php(231): CodeIgniter\View\View->CodeIgniter\View\{closure}()
 8 SYSTEMPATH\Common.php(1178): CodeIgniter\View\View->render('admin/dataaset/index', [], true)
 9 APPPATH\Controllers\DataAsetController.php(22): view('admin/dataaset/index', [...])
10 SYSTEMPATH\CodeIgniter.php(943): App\Controllers\DataAsetController->index()
11 SYSTEMPATH\CodeIgniter.php(503): CodeIgniter\CodeIgniter->runController(Object(App\Controllers\DataAsetController))
12 SYSTEMPATH\CodeIgniter.php(361): CodeIgniter\CodeIgniter->handleRequest(null, Object(Config\Cache), false)
13 FCPATH\index.php(79): CodeIgniter\CodeIgniter->run()
14 SYSTEMPATH\Commands\Server\rewrite.php(47): require_once('C:\\xampp\\htdocs\\sarpras\\public\\index.php')
CRITICAL - 2024-10-21 05:08:02 --> ErrorException: Undefined variable: schools
in APPPATH\Views\admin\partials\header.php on line 109.
 1 APPPATH\Views\admin\partials\header.php(109): CodeIgniter\Debug\Exceptions->errorHandler(8, 'Undefined variable: schools', 'C:\\xampp\\htdocs\\sarpras\\app\\Views\\admin\\partials\\header.php', 109, [...])
 2 SYSTEMPATH\View\View.php(228): include('C:\\xampp\\htdocs\\sarpras\\app\\Views\\admin\\partials\\header.php')
 3 SYSTEMPATH\View\View.php(231): CodeIgniter\View\View->CodeIgniter\View\{closure}()
 4 SYSTEMPATH\View\View.php(469): CodeIgniter\View\View->render('admin/partials/header', null, true)
 5 APPPATH\Views\admin\dataaset\index.php(1): CodeIgniter\View\View->include('admin/partials/header')
 6 SYSTEMPATH\View\View.php(228): include('C:\\xampp\\htdocs\\sarpras\\app\\Views\\admin\\dataaset\\index.php')
 7 SYSTEMPATH\View\View.php(231): CodeIgniter\View\View->CodeIgniter\View\{closure}()
 8 SYSTEMPATH\Common.php(1178): CodeIgniter\View\View->render('admin/dataaset/index', [], true)
 9 APPPATH\Controllers\DataAsetController.php(22): view('admin/dataaset/index', [...])
10 SYSTEMPATH\CodeIgniter.php(943): App\Controllers\DataAsetController->index()
11 SYSTEMPATH\CodeIgniter.php(503): CodeIgniter\CodeIgniter->runController(Object(App\Controllers\DataAsetController))
12 SYSTEMPATH\CodeIgniter.php(361): CodeIgniter\CodeIgniter->handleRequest(null, Object(Config\Cache), false)
13 FCPATH\index.php(79): CodeIgniter\CodeIgniter->run()
14 SYSTEMPATH\Commands\Server\rewrite.php(47): require_once('C:\\xampp\\htdocs\\sarpras\\public\\index.php')
CRITICAL - 2024-10-21 05:08:03 --> ErrorException: Undefined variable: schools
in APPPATH\Views\admin\partials\header.php on line 109.
 1 APPPATH\Views\admin\partials\header.php(109): CodeIgniter\Debug\Exceptions->errorHandler(8, 'Undefined variable: schools', 'C:\\xampp\\htdocs\\sarpras\\app\\Views\\admin\\partials\\header.php', 109, [...])
 2 SYSTEMPATH\View\View.php(228): include('C:\\xampp\\htdocs\\sarpras\\app\\Views\\admin\\partials\\header.php')
 3 SYSTEMPATH\View\View.php(231): CodeIgniter\View\View->CodeIgniter\View\{closure}()
 4 SYSTEMPATH\View\View.php(469): CodeIgniter\View\View->render('admin/partials/header', null, true)
 5 APPPATH\Views\admin\dataaset\index.php(1): CodeIgniter\View\View->include('admin/partials/header')
 6 SYSTEMPATH\View\View.php(228): include('C:\\xampp\\htdocs\\sarpras\\app\\Views\\admin\\dataaset\\index.php')
 7 SYSTEMPATH\View\View.php(231): CodeIgniter\View\View->CodeIgniter\View\{closure}()
 8 SYSTEMPATH\Common.php(1178): CodeIgniter\View\View->render('admin/dataaset/index', [], true)
 9 APPPATH\Controllers\DataAsetController.php(22): view('admin/dataaset/index', [...])
10 SYSTEMPATH\CodeIgniter.php(943): App\Controllers\DataAsetController->index()
11 SYSTEMPATH\CodeIgniter.php(503): CodeIgniter\CodeIgniter->runController(Object(App\Controllers\DataAsetController))
12 SYSTEMPATH\CodeIgniter.php(361): CodeIgniter\CodeIgniter->handleRequest(null, Object(Config\Cache), false)
13 FCPATH\index.php(79): CodeIgniter\CodeIgniter->run()
14 SYSTEMPATH\Commands\Server\rewrite.php(47): require_once('C:\\xampp\\htdocs\\sarpras\\public\\index.php')
CRITICAL - 2024-10-21 05:08:23 --> ErrorException: Undefined variable: schools
in APPPATH\Views\admin\partials\header.php on line 109.
 1 APPPATH\Views\admin\partials\header.php(109): CodeIgniter\Debug\Exceptions->errorHandler(8, 'Undefined variable: schools', 'C:\\xampp\\htdocs\\sarpras\\app\\Views\\admin\\partials\\header.php', 109, [...])
 2 SYSTEMPATH\View\View.php(228): include('C:\\xampp\\htdocs\\sarpras\\app\\Views\\admin\\partials\\header.php')
 3 SYSTEMPATH\View\View.php(231): CodeIgniter\View\View->CodeIgniter\View\{closure}()
 4 SYSTEMPATH\View\View.php(469): CodeIgniter\View\View->render('admin/partials/header', null, true)
 5 APPPATH\Views\admin\kategori_aset\index.php(1): CodeIgniter\View\View->include('admin/partials/header')
 6 SYSTEMPATH\View\View.php(228): include('C:\\xampp\\htdocs\\sarpras\\app\\Views\\admin\\kategori_aset\\index.php')
 7 SYSTEMPATH\View\View.php(231): CodeIgniter\View\View->CodeIgniter\View\{closure}()
 8 SYSTEMPATH\Common.php(1178): CodeIgniter\View\View->render('admin/kategori_aset/index', [], true)
 9 APPPATH\Controllers\DependencyController.php(17): view('admin/kategori_aset/index', [...])
10 SYSTEMPATH\CodeIgniter.php(943): App\Controllers\DependencyController->indexKategoriAset()
11 SYSTEMPATH\CodeIgniter.php(503): CodeIgniter\CodeIgniter->runController(Object(App\Controllers\DependencyController))
12 SYSTEMPATH\CodeIgniter.php(361): CodeIgniter\CodeIgniter->handleRequest(null, Object(Config\Cache), false)
13 FCPATH\index.php(79): CodeIgniter\CodeIgniter->run()
14 SYSTEMPATH\Commands\Server\rewrite.php(47): require_once('C:\\xampp\\htdocs\\sarpras\\public\\index.php')
CRITICAL - 2024-10-21 05:09:24 --> ErrorException: Undefined variable: schools
in APPPATH\Views\admin\partials\header.php on line 109.
 1 APPPATH\Views\admin\partials\header.php(109): CodeIgniter\Debug\Exceptions->errorHandler(8, 'Undefined variable: schools', 'C:\\xampp\\htdocs\\sarpras\\app\\Views\\admin\\partials\\header.php', 109, [...])
 2 SYSTEMPATH\View\View.php(228): include('C:\\xampp\\htdocs\\sarpras\\app\\Views\\admin\\partials\\header.php')
 3 SYSTEMPATH\View\View.php(231): CodeIgniter\View\View->CodeIgniter\View\{closure}()
 4 SYSTEMPATH\View\View.php(469): CodeIgniter\View\View->render('admin/partials/header', null, true)
 5 APPPATH\Views\admin\kategori_data\index.php(1): CodeIgniter\View\View->include('admin/partials/header')
 6 SYSTEMPATH\View\View.php(228): include('C:\\xampp\\htdocs\\sarpras\\app\\Views\\admin\\kategori_data\\index.php')
 7 SYSTEMPATH\View\View.php(231): CodeIgniter\View\View->CodeIgniter\View\{closure}()
 8 SYSTEMPATH\Common.php(1178): CodeIgniter\View\View->render('admin/kategori_data/index', [], true)
 9 APPPATH\Controllers\DependencyController.php(88): view('admin/kategori_data/index', [...])
10 SYSTEMPATH\CodeIgniter.php(943): App\Controllers\DependencyController->indexKategoriData()
11 SYSTEMPATH\CodeIgniter.php(503): CodeIgniter\CodeIgniter->runController(Object(App\Controllers\DependencyController))
12 SYSTEMPATH\CodeIgniter.php(361): CodeIgniter\CodeIgniter->handleRequest(null, Object(Config\Cache), false)
13 FCPATH\index.php(79): CodeIgniter\CodeIgniter->run()
14 SYSTEMPATH\Commands\Server\rewrite.php(47): require_once('C:\\xampp\\htdocs\\sarpras\\public\\index.php')
CRITICAL - 2024-10-21 05:09:29 --> ErrorException: Undefined variable: schools
in APPPATH\Views\admin\partials\header.php on line 109.
 1 APPPATH\Views\admin\partials\header.php(109): CodeIgniter\Debug\Exceptions->errorHandler(8, 'Undefined variable: schools', 'C:\\xampp\\htdocs\\sarpras\\app\\Views\\admin\\partials\\header.php', 109, [...])
 2 SYSTEMPATH\View\View.php(228): include('C:\\xampp\\htdocs\\sarpras\\app\\Views\\admin\\partials\\header.php')
 3 SYSTEMPATH\View\View.php(231): CodeIgniter\View\View->CodeIgniter\View\{closure}()
 4 SYSTEMPATH\View\View.php(469): CodeIgniter\View\View->render('admin/partials/header', null, true)
 5 APPPATH\Views\admin\Ruangan\index.php(1): CodeIgniter\View\View->include('admin/partials/header')
 6 SYSTEMPATH\View\View.php(228): include('C:\\xampp\\htdocs\\sarpras\\app\\Views\\admin\\Ruangan\\index.php')
 7 SYSTEMPATH\View\View.php(231): CodeIgniter\View\View->CodeIgniter\View\{closure}()
 8 SYSTEMPATH\Common.php(1178): CodeIgniter\View\View->render('admin/ruangan/index', [], true)
 9 APPPATH\Controllers\DependencyController.php(230): view('admin/ruangan/index', [...])
10 SYSTEMPATH\CodeIgniter.php(943): App\Controllers\DependencyController->indexRuangan()
11 SYSTEMPATH\CodeIgniter.php(503): CodeIgniter\CodeIgniter->runController(Object(App\Controllers\DependencyController))
12 SYSTEMPATH\CodeIgniter.php(361): CodeIgniter\CodeIgniter->handleRequest(null, Object(Config\Cache), false)
13 FCPATH\index.php(79): CodeIgniter\CodeIgniter->run()
14 SYSTEMPATH\Commands\Server\rewrite.php(47): require_once('C:\\xampp\\htdocs\\sarpras\\public\\index.php')
CRITICAL - 2024-10-21 05:10:34 --> BadMethodCallException: Call to undefined method App\Models\DataAsetModel::getAsetPendingApproval
in SYSTEMPATH\Model.php on line 879.
 1 APPPATH\Controllers\ApprovalController.php(20): CodeIgniter\Model->__call('getAsetPendingApproval', [])
 2 SYSTEMPATH\CodeIgniter.php(943): App\Controllers\ApprovalController->index()
 3 SYSTEMPATH\CodeIgniter.php(503): CodeIgniter\CodeIgniter->runController(Object(App\Controllers\ApprovalController))
 4 SYSTEMPATH\CodeIgniter.php(361): CodeIgniter\CodeIgniter->handleRequest(null, Object(Config\Cache), false)
 5 FCPATH\index.php(79): CodeIgniter\CodeIgniter->run()
 6 SYSTEMPATH\Commands\Server\rewrite.php(47): require_once('C:\\xampp\\htdocs\\sarpras\\public\\index.php')
CRITICAL - 2024-10-21 05:13:17 --> ErrorException: Undefined variable: schools
in APPPATH\Views\admin\partials\header.php on line 109.
 1 APPPATH\Views\admin\partials\header.php(109): CodeIgniter\Debug\Exceptions->errorHandler(8, 'Undefined variable: schools', 'C:\\xampp\\htdocs\\sarpras\\app\\Views\\admin\\partials\\header.php', 109, [...])
 2 SYSTEMPATH\View\View.php(228): include('C:\\xampp\\htdocs\\sarpras\\app\\Views\\admin\\partials\\header.php')
 3 SYSTEMPATH\View\View.php(231): CodeIgniter\View\View->CodeIgniter\View\{closure}()
 4 SYSTEMPATH\View\View.php(469): CodeIgniter\View\View->render('admin/partials/header', null, true)
 5 APPPATH\Views\admin\dataaset\index.php(1): CodeIgniter\View\View->include('admin/partials/header')
 6 SYSTEMPATH\View\View.php(228): include('C:\\xampp\\htdocs\\sarpras\\app\\Views\\admin\\dataaset\\index.php')
 7 SYSTEMPATH\View\View.php(231): CodeIgniter\View\View->CodeIgniter\View\{closure}()
 8 SYSTEMPATH\Common.php(1178): CodeIgniter\View\View->render('admin/dataaset/index', [], true)
 9 APPPATH\Controllers\DataAsetController.php(22): view('admin/dataaset/index', [...])
10 SYSTEMPATH\CodeIgniter.php(943): App\Controllers\DataAsetController->index()
11 SYSTEMPATH\CodeIgniter.php(503): CodeIgniter\CodeIgniter->runController(Object(App\Controllers\DataAsetController))
12 SYSTEMPATH\CodeIgniter.php(361): CodeIgniter\CodeIgniter->handleRequest(null, Object(Config\Cache), false)
13 FCPATH\index.php(79): CodeIgniter\CodeIgniter->run()
14 SYSTEMPATH\Commands\Server\rewrite.php(47): require_once('C:\\xampp\\htdocs\\sarpras\\public\\index.php')
CRITICAL - 2024-10-21 05:13:21 --> ErrorException: Undefined variable: schools
in APPPATH\Views\admin\partials\header.php on line 109.
 1 APPPATH\Views\admin\partials\header.php(109): CodeIgniter\Debug\Exceptions->errorHandler(8, 'Undefined variable: schools', 'C:\\xampp\\htdocs\\sarpras\\app\\Views\\admin\\partials\\header.php', 109, [...])
 2 SYSTEMPATH\View\View.php(228): include('C:\\xampp\\htdocs\\sarpras\\app\\Views\\admin\\partials\\header.php')
 3 SYSTEMPATH\View\View.php(231): CodeIgniter\View\View->CodeIgniter\View\{closure}()
 4 SYSTEMPATH\View\View.php(469): CodeIgniter\View\View->render('admin/partials/header', null, true)
 5 APPPATH\Views\admin\kategori_aset\index.php(1): CodeIgniter\View\View->include('admin/partials/header')
 6 SYSTEMPATH\View\View.php(228): include('C:\\xampp\\htdocs\\sarpras\\app\\Views\\admin\\kategori_aset\\index.php')
 7 SYSTEMPATH\View\View.php(231): CodeIgniter\View\View->CodeIgniter\View\{closure}()
 8 SYSTEMPATH\Common.php(1178): CodeIgniter\View\View->render('admin/kategori_aset/index', [], true)
 9 APPPATH\Controllers\DependencyController.php(17): view('admin/kategori_aset/index', [...])
10 SYSTEMPATH\CodeIgniter.php(943): App\Controllers\DependencyController->indexKategoriAset()
11 SYSTEMPATH\CodeIgniter.php(503): CodeIgniter\CodeIgniter->runController(Object(App\Controllers\DependencyController))
12 SYSTEMPATH\CodeIgniter.php(361): CodeIgniter\CodeIgniter->handleRequest(null, Object(Config\Cache), false)
13 FCPATH\index.php(79): CodeIgniter\CodeIgniter->run()
14 SYSTEMPATH\Commands\Server\rewrite.php(47): require_once('C:\\xampp\\htdocs\\sarpras\\public\\index.php')
CRITICAL - 2024-10-21 05:14:29 --> ArgumentCountError: Too few arguments to function view(), 0 passed in C:\xampp\htdocs\sarpras\app\Controllers\BaseController.php on line 67 and at least 1 expected
in SYSTEMPATH\Common.php on line 1166.
 1 APPPATH\Controllers\BaseController.php(67): view()
 2 SYSTEMPATH\CodeIgniter.php(916): App\Controllers\BaseController->initController(Object(CodeIgniter\HTTP\IncomingRequest), Object(CodeIgniter\HTTP\Response), Object(CodeIgniter\Log\Logger))
 3 SYSTEMPATH\CodeIgniter.php(494): CodeIgniter\CodeIgniter->createController()
 4 SYSTEMPATH\CodeIgniter.php(361): CodeIgniter\CodeIgniter->handleRequest(null, Object(Config\Cache), false)
 5 FCPATH\index.php(79): CodeIgniter\CodeIgniter->run()
 6 SYSTEMPATH\Commands\Server\rewrite.php(47): require_once('C:\\xampp\\htdocs\\sarpras\\public\\index.php')
CRITICAL - 2024-10-21 05:14:33 --> ArgumentCountError: Too few arguments to function view(), 0 passed in C:\xampp\htdocs\sarpras\app\Controllers\BaseController.php on line 67 and at least 1 expected
in SYSTEMPATH\Common.php on line 1166.
 1 APPPATH\Controllers\BaseController.php(67): view()
 2 SYSTEMPATH\CodeIgniter.php(916): App\Controllers\BaseController->initController(Object(CodeIgniter\HTTP\IncomingRequest), Object(CodeIgniter\HTTP\Response), Object(CodeIgniter\Log\Logger))
 3 SYSTEMPATH\CodeIgniter.php(494): CodeIgniter\CodeIgniter->createController()
 4 SYSTEMPATH\CodeIgniter.php(361): CodeIgniter\CodeIgniter->handleRequest(null, Object(Config\Cache), false)
 5 FCPATH\index.php(79): CodeIgniter\CodeIgniter->run()
 6 SYSTEMPATH\Commands\Server\rewrite.php(47): require_once('C:\\xampp\\htdocs\\sarpras\\public\\index.php')
CRITICAL - 2024-10-21 05:14:56 --> ArgumentCountError: Too few arguments to function view(), 0 passed in C:\xampp\htdocs\sarpras\app\Controllers\BaseController.php on line 67 and at least 1 expected
in SYSTEMPATH\Common.php on line 1166.
 1 APPPATH\Controllers\BaseController.php(67): view()
 2 SYSTEMPATH\CodeIgniter.php(916): App\Controllers\BaseController->initController(Object(CodeIgniter\HTTP\IncomingRequest), Object(CodeIgniter\HTTP\Response), Object(CodeIgniter\Log\Logger))
 3 SYSTEMPATH\CodeIgniter.php(494): CodeIgniter\CodeIgniter->createController()
 4 SYSTEMPATH\CodeIgniter.php(361): CodeIgniter\CodeIgniter->handleRequest(null, Object(Config\Cache), false)
 5 FCPATH\index.php(79): CodeIgniter\CodeIgniter->run()
 6 SYSTEMPATH\Commands\Server\rewrite.php(47): require_once('C:\\xampp\\htdocs\\sarpras\\public\\index.php')
CRITICAL - 2024-10-21 05:14:57 --> ArgumentCountError: Too few arguments to function view(), 0 passed in C:\xampp\htdocs\sarpras\app\Controllers\BaseController.php on line 67 and at least 1 expected
in SYSTEMPATH\Common.php on line 1166.
 1 APPPATH\Controllers\BaseController.php(67): view()
 2 SYSTEMPATH\CodeIgniter.php(916): App\Controllers\BaseController->initController(Object(CodeIgniter\HTTP\IncomingRequest), Object(CodeIgniter\HTTP\Response), Object(CodeIgniter\Log\Logger))
 3 SYSTEMPATH\CodeIgniter.php(494): CodeIgniter\CodeIgniter->createController()
 4 SYSTEMPATH\CodeIgniter.php(361): CodeIgniter\CodeIgniter->handleRequest(null, Object(Config\Cache), false)
 5 FCPATH\index.php(79): CodeIgniter\CodeIgniter->run()
 6 SYSTEMPATH\Commands\Server\rewrite.php(47): require_once('C:\\xampp\\htdocs\\sarpras\\public\\index.php')
CRITICAL - 2024-10-21 05:31:47 --> ErrorException: Undefined variable: schools
in APPPATH\Views\admin\partials\header.php on line 115.
 1 APPPATH\Views\admin\partials\header.php(115): CodeIgniter\Debug\Exceptions->errorHandler(8, 'Undefined variable: schools', 'C:\\xampp\\htdocs\\sarpras\\app\\Views\\admin\\partials\\header.php', 115, [...])
 2 SYSTEMPATH\View\View.php(228): include('C:\\xampp\\htdocs\\sarpras\\app\\Views\\admin\\partials\\header.php')
 3 SYSTEMPATH\View\View.php(231): CodeIgniter\View\View->CodeIgniter\View\{closure}()
 4 SYSTEMPATH\View\View.php(469): CodeIgniter\View\View->render('admin/partials/header', null, true)
 5 APPPATH\Views\admin\dataaset\index.php(1): CodeIgniter\View\View->include('admin/partials/header')
 6 SYSTEMPATH\View\View.php(228): include('C:\\xampp\\htdocs\\sarpras\\app\\Views\\admin\\dataaset\\index.php')
 7 SYSTEMPATH\View\View.php(231): CodeIgniter\View\View->CodeIgniter\View\{closure}()
 8 SYSTEMPATH\Common.php(1178): CodeIgniter\View\View->render('admin/dataaset/index', [], true)
 9 APPPATH\Controllers\DataAsetController.php(22): view('admin/dataaset/index', [...])
10 SYSTEMPATH\CodeIgniter.php(943): App\Controllers\DataAsetController->index()
11 SYSTEMPATH\CodeIgniter.php(503): CodeIgniter\CodeIgniter->runController(Object(App\Controllers\DataAsetController))
12 SYSTEMPATH\CodeIgniter.php(361): CodeIgniter\CodeIgniter->handleRequest(null, Object(Config\Cache), false)
13 FCPATH\index.php(79): CodeIgniter\CodeIgniter->run()
14 SYSTEMPATH\Commands\Server\rewrite.php(47): require_once('C:\\xampp\\htdocs\\sarpras\\public\\index.php')
CRITICAL - 2024-10-21 05:49:26 --> ErrorException: Undefined variable: schools
in APPPATH\Views\admin\partials\header.php on line 119.
 1 APPPATH\Views\admin\partials\header.php(119): CodeIgniter\Debug\Exceptions->errorHandler(8, 'Undefined variable: schools', 'C:\\xampp\\htdocs\\sarpras\\app\\Views\\admin\\partials\\header.php', 119, [...])
 2 SYSTEMPATH\View\View.php(228): include('C:\\xampp\\htdocs\\sarpras\\app\\Views\\admin\\partials\\header.php')
 3 SYSTEMPATH\View\View.php(231): CodeIgniter\View\View->CodeIgniter\View\{closure}()
 4 SYSTEMPATH\View\View.php(469): CodeIgniter\View\View->render('admin/partials/header', null, true)
 5 APPPATH\Views\admin\dataaset\index.php(1): CodeIgniter\View\View->include('admin/partials/header')
 6 SYSTEMPATH\View\View.php(228): include('C:\\xampp\\htdocs\\sarpras\\app\\Views\\admin\\dataaset\\index.php')
 7 SYSTEMPATH\View\View.php(231): CodeIgniter\View\View->CodeIgniter\View\{closure}()
 8 SYSTEMPATH\Common.php(1178): CodeIgniter\View\View->render('admin/dataaset/index', [], true)
 9 APPPATH\Controllers\DataAsetController.php(22): view('admin/dataaset/index', [...])
10 SYSTEMPATH\CodeIgniter.php(943): App\Controllers\DataAsetController->index()
11 SYSTEMPATH\CodeIgniter.php(503): CodeIgniter\CodeIgniter->runController(Object(App\Controllers\DataAsetController))
12 SYSTEMPATH\CodeIgniter.php(361): CodeIgniter\CodeIgniter->handleRequest(null, Object(Config\Cache), false)
13 FCPATH\index.php(79): CodeIgniter\CodeIgniter->run()
14 SYSTEMPATH\Commands\Server\rewrite.php(47): require_once('C:\\xampp\\htdocs\\sarpras\\public\\index.php')
CRITICAL - 2024-10-21 05:49:30 --> ErrorException: Undefined variable: schools
in APPPATH\Views\admin\partials\header.php on line 119.
 1 APPPATH\Views\admin\partials\header.php(119): CodeIgniter\Debug\Exceptions->errorHandler(8, 'Undefined variable: schools', 'C:\\xampp\\htdocs\\sarpras\\app\\Views\\admin\\partials\\header.php', 119, [...])
 2 SYSTEMPATH\View\View.php(228): include('C:\\xampp\\htdocs\\sarpras\\app\\Views\\admin\\partials\\header.php')
 3 SYSTEMPATH\View\View.php(231): CodeIgniter\View\View->CodeIgniter\View\{closure}()
 4 SYSTEMPATH\View\View.php(469): CodeIgniter\View\View->render('admin/partials/header', null, true)
 5 APPPATH\Views\admin\kategori_aset\index.php(1): CodeIgniter\View\View->include('admin/partials/header')
 6 SYSTEMPATH\View\View.php(228): include('C:\\xampp\\htdocs\\sarpras\\app\\Views\\admin\\kategori_aset\\index.php')
 7 SYSTEMPATH\View\View.php(231): CodeIgniter\View\View->CodeIgniter\View\{closure}()
 8 SYSTEMPATH\Common.php(1178): CodeIgniter\View\View->render('admin/kategori_aset/index', [], true)
 9 APPPATH\Controllers\DependencyController.php(17): view('admin/kategori_aset/index', [...])
10 SYSTEMPATH\CodeIgniter.php(943): App\Controllers\DependencyController->indexKategoriAset()
11 SYSTEMPATH\CodeIgniter.php(503): CodeIgniter\CodeIgniter->runController(Object(App\Controllers\DependencyController))
12 SYSTEMPATH\CodeIgniter.php(361): CodeIgniter\CodeIgniter->handleRequest(null, Object(Config\Cache), false)
13 FCPATH\index.php(79): CodeIgniter\CodeIgniter->run()
14 SYSTEMPATH\Commands\Server\rewrite.php(47): require_once('C:\\xampp\\htdocs\\sarpras\\public\\index.php')
CRITICAL - 2024-10-21 05:49:38 --> ErrorException: Undefined variable: schools
in APPPATH\Views\admin\partials\header.php on line 119.
 1 APPPATH\Views\admin\partials\header.php(119): CodeIgniter\Debug\Exceptions->errorHandler(8, 'Undefined variable: schools', 'C:\\xampp\\htdocs\\sarpras\\app\\Views\\admin\\partials\\header.php', 119, [...])
 2 SYSTEMPATH\View\View.php(228): include('C:\\xampp\\htdocs\\sarpras\\app\\Views\\admin\\partials\\header.php')
 3 SYSTEMPATH\View\View.php(231): CodeIgniter\View\View->CodeIgniter\View\{closure}()
 4 SYSTEMPATH\View\View.php(469): CodeIgniter\View\View->render('admin/partials/header', null, true)
 5 APPPATH\Views\admin\dataaset\index.php(1): CodeIgniter\View\View->include('admin/partials/header')
 6 SYSTEMPATH\View\View.php(228): include('C:\\xampp\\htdocs\\sarpras\\app\\Views\\admin\\dataaset\\index.php')
 7 SYSTEMPATH\View\View.php(231): CodeIgniter\View\View->CodeIgniter\View\{closure}()
 8 SYSTEMPATH\Common.php(1178): CodeIgniter\View\View->render('admin/dataaset/index', [], true)
 9 APPPATH\Controllers\DataAsetController.php(22): view('admin/dataaset/index', [...])
10 SYSTEMPATH\CodeIgniter.php(943): App\Controllers\DataAsetController->index()
11 SYSTEMPATH\CodeIgniter.php(503): CodeIgniter\CodeIgniter->runController(Object(App\Controllers\DataAsetController))
12 SYSTEMPATH\CodeIgniter.php(361): CodeIgniter\CodeIgniter->handleRequest(null, Object(Config\Cache), false)
13 FCPATH\index.php(79): CodeIgniter\CodeIgniter->run()
14 SYSTEMPATH\Commands\Server\rewrite.php(47): require_once('C:\\xampp\\htdocs\\sarpras\\public\\index.php')
CRITICAL - 2024-10-21 05:50:03 --> ErrorException: Undefined variable: schools
in APPPATH\Views\admin\partials\header.php on line 119.
 1 APPPATH\Views\admin\partials\header.php(119): CodeIgniter\Debug\Exceptions->errorHandler(8, 'Undefined variable: schools', 'C:\\xampp\\htdocs\\sarpras\\app\\Views\\admin\\partials\\header.php', 119, [...])
 2 SYSTEMPATH\View\View.php(228): include('C:\\xampp\\htdocs\\sarpras\\app\\Views\\admin\\partials\\header.php')
 3 SYSTEMPATH\View\View.php(231): CodeIgniter\View\View->CodeIgniter\View\{closure}()
 4 SYSTEMPATH\View\View.php(469): CodeIgniter\View\View->render('admin/partials/header', null, true)
 5 APPPATH\Views\admin\anggaran\index.php(1): CodeIgniter\View\View->include('admin/partials/header')
 6 SYSTEMPATH\View\View.php(228): include('C:\\xampp\\htdocs\\sarpras\\app\\Views\\admin\\anggaran\\index.php')
 7 SYSTEMPATH\View\View.php(231): CodeIgniter\View\View->CodeIgniter\View\{closure}()
 8 SYSTEMPATH\Common.php(1178): CodeIgniter\View\View->render('admin/anggaran/index', [], true)
 9 APPPATH\Controllers\DependencyController.php(159): view('admin/anggaran/index', [...])
10 SYSTEMPATH\CodeIgniter.php(943): App\Controllers\DependencyController->indexAnggaran()
11 SYSTEMPATH\CodeIgniter.php(503): CodeIgniter\CodeIgniter->runController(Object(App\Controllers\DependencyController))
12 SYSTEMPATH\CodeIgniter.php(361): CodeIgniter\CodeIgniter->handleRequest(null, Object(Config\Cache), false)
13 FCPATH\index.php(79): CodeIgniter\CodeIgniter->run()
14 SYSTEMPATH\Commands\Server\rewrite.php(47): require_once('C:\\xampp\\htdocs\\sarpras\\public\\index.php')
CRITICAL - 2024-10-21 05:50:07 --> ErrorException: Undefined variable: schools
in APPPATH\Views\admin\partials\header.php on line 119.
 1 APPPATH\Views\admin\partials\header.php(119): CodeIgniter\Debug\Exceptions->errorHandler(8, 'Undefined variable: schools', 'C:\\xampp\\htdocs\\sarpras\\app\\Views\\admin\\partials\\header.php', 119, [...])
 2 SYSTEMPATH\View\View.php(228): include('C:\\xampp\\htdocs\\sarpras\\app\\Views\\admin\\partials\\header.php')
 3 SYSTEMPATH\View\View.php(231): CodeIgniter\View\View->CodeIgniter\View\{closure}()
 4 SYSTEMPATH\View\View.php(469): CodeIgniter\View\View->render('admin/partials/header', null, true)
 5 APPPATH\Views\admin\dataaset\index.php(1): CodeIgniter\View\View->include('admin/partials/header')
 6 SYSTEMPATH\View\View.php(228): include('C:\\xampp\\htdocs\\sarpras\\app\\Views\\admin\\dataaset\\index.php')
 7 SYSTEMPATH\View\View.php(231): CodeIgniter\View\View->CodeIgniter\View\{closure}()
 8 SYSTEMPATH\Common.php(1178): CodeIgniter\View\View->render('admin/dataaset/index', [], true)
 9 APPPATH\Controllers\DataAsetController.php(22): view('admin/dataaset/index', [...])
10 SYSTEMPATH\CodeIgniter.php(943): App\Controllers\DataAsetController->index()
11 SYSTEMPATH\CodeIgniter.php(503): CodeIgniter\CodeIgniter->runController(Object(App\Controllers\DataAsetController))
12 SYSTEMPATH\CodeIgniter.php(361): CodeIgniter\CodeIgniter->handleRequest(null, Object(Config\Cache), false)
13 FCPATH\index.php(79): CodeIgniter\CodeIgniter->run()
14 SYSTEMPATH\Commands\Server\rewrite.php(47): require_once('C:\\xampp\\htdocs\\sarpras\\public\\index.php')
CRITICAL - 2024-10-21 05:52:40 --> ErrorException: Undefined variable: schools
in APPPATH\Views\admin\partials\header.php on line 119.
 1 APPPATH\Views\admin\partials\header.php(119): CodeIgniter\Debug\Exceptions->errorHandler(8, 'Undefined variable: schools', 'C:\\xampp\\htdocs\\sarpras\\app\\Views\\admin\\partials\\header.php', 119, [...])
 2 SYSTEMPATH\View\View.php(228): include('C:\\xampp\\htdocs\\sarpras\\app\\Views\\admin\\partials\\header.php')
 3 SYSTEMPATH\View\View.php(231): CodeIgniter\View\View->CodeIgniter\View\{closure}()
 4 SYSTEMPATH\View\View.php(469): CodeIgniter\View\View->render('admin/partials/header', null, true)
 5 APPPATH\Views\admin\dataaset\index.php(1): CodeIgniter\View\View->include('admin/partials/header')
 6 SYSTEMPATH\View\View.php(228): include('C:\\xampp\\htdocs\\sarpras\\app\\Views\\admin\\dataaset\\index.php')
 7 SYSTEMPATH\View\View.php(231): CodeIgniter\View\View->CodeIgniter\View\{closure}()
 8 SYSTEMPATH\Common.php(1178): CodeIgniter\View\View->render('admin/dataaset/index', [], true)
 9 APPPATH\Controllers\DataAsetController.php(22): view('admin/dataaset/index', [...])
10 SYSTEMPATH\CodeIgniter.php(943): App\Controllers\DataAsetController->index()
11 SYSTEMPATH\CodeIgniter.php(503): CodeIgniter\CodeIgniter->runController(Object(App\Controllers\DataAsetController))
12 SYSTEMPATH\CodeIgniter.php(361): CodeIgniter\CodeIgniter->handleRequest(null, Object(Config\Cache), false)
13 FCPATH\index.php(79): CodeIgniter\CodeIgniter->run()
14 SYSTEMPATH\Commands\Server\rewrite.php(47): require_once('C:\\xampp\\htdocs\\sarpras\\public\\index.php')
CRITICAL - 2024-10-21 05:52:41 --> ArgumentCountError: Too few arguments to function view(), 0 passed in C:\xampp\htdocs\sarpras\app\Controllers\BaseController.php on line 72 and at least 1 expected
in SYSTEMPATH\Common.php on line 1166.
 1 APPPATH\Controllers\BaseController.php(72): view()
 2 SYSTEMPATH\CodeIgniter.php(916): App\Controllers\BaseController->initController(Object(CodeIgniter\HTTP\IncomingRequest), Object(CodeIgniter\HTTP\Response), Object(CodeIgniter\Log\Logger))
 3 SYSTEMPATH\CodeIgniter.php(494): CodeIgniter\CodeIgniter->createController()
 4 SYSTEMPATH\CodeIgniter.php(361): CodeIgniter\CodeIgniter->handleRequest(null, Object(Config\Cache), false)
 5 FCPATH\index.php(79): CodeIgniter\CodeIgniter->run()
 6 SYSTEMPATH\Commands\Server\rewrite.php(47): require_once('C:\\xampp\\htdocs\\sarpras\\public\\index.php')
CRITICAL - 2024-10-21 05:52:49 --> ErrorException: Undefined variable: schools
in APPPATH\Views\admin\partials\header.php on line 119.
 1 APPPATH\Views\admin\partials\header.php(119): CodeIgniter\Debug\Exceptions->errorHandler(8, 'Undefined variable: schools', 'C:\\xampp\\htdocs\\sarpras\\app\\Views\\admin\\partials\\header.php', 119, [...])
 2 SYSTEMPATH\View\View.php(228): include('C:\\xampp\\htdocs\\sarpras\\app\\Views\\admin\\partials\\header.php')
 3 SYSTEMPATH\View\View.php(231): CodeIgniter\View\View->CodeIgniter\View\{closure}()
 4 SYSTEMPATH\View\View.php(469): CodeIgniter\View\View->render('admin/partials/header', null, true)
 5 APPPATH\Views\admin\dataaset\index.php(1): CodeIgniter\View\View->include('admin/partials/header')
 6 SYSTEMPATH\View\View.php(228): include('C:\\xampp\\htdocs\\sarpras\\app\\Views\\admin\\dataaset\\index.php')
 7 SYSTEMPATH\View\View.php(231): CodeIgniter\View\View->CodeIgniter\View\{closure}()
 8 SYSTEMPATH\Common.php(1178): CodeIgniter\View\View->render('admin/dataaset/index', [], true)
 9 APPPATH\Controllers\DataAsetController.php(22): view('admin/dataaset/index', [...])
10 SYSTEMPATH\CodeIgniter.php(943): App\Controllers\DataAsetController->index()
11 SYSTEMPATH\CodeIgniter.php(503): CodeIgniter\CodeIgniter->runController(Object(App\Controllers\DataAsetController))
12 SYSTEMPATH\CodeIgniter.php(361): CodeIgniter\CodeIgniter->handleRequest(null, Object(Config\Cache), false)
13 FCPATH\index.php(79): CodeIgniter\CodeIgniter->run()
14 SYSTEMPATH\Commands\Server\rewrite.php(47): require_once('C:\\xampp\\htdocs\\sarpras\\public\\index.php')
CRITICAL - 2024-10-21 05:52:58 --> ErrorException: Undefined variable: schools
in APPPATH\Views\admin\partials\header.php on line 119.
 1 APPPATH\Views\admin\partials\header.php(119): CodeIgniter\Debug\Exceptions->errorHandler(8, 'Undefined variable: schools', 'C:\\xampp\\htdocs\\sarpras\\app\\Views\\admin\\partials\\header.php', 119, [...])
 2 SYSTEMPATH\View\View.php(228): include('C:\\xampp\\htdocs\\sarpras\\app\\Views\\admin\\partials\\header.php')
 3 SYSTEMPATH\View\View.php(231): CodeIgniter\View\View->CodeIgniter\View\{closure}()
 4 SYSTEMPATH\View\View.php(469): CodeIgniter\View\View->render('admin/partials/header', null, true)
 5 APPPATH\Views\admin\dataaset\index.php(1): CodeIgniter\View\View->include('admin/partials/header')
 6 SYSTEMPATH\View\View.php(228): include('C:\\xampp\\htdocs\\sarpras\\app\\Views\\admin\\dataaset\\index.php')
 7 SYSTEMPATH\View\View.php(231): CodeIgniter\View\View->CodeIgniter\View\{closure}()
 8 SYSTEMPATH\Common.php(1178): CodeIgniter\View\View->render('admin/dataaset/index', [], true)
 9 APPPATH\Controllers\DataAsetController.php(22): view('admin/dataaset/index', [...])
10 SYSTEMPATH\CodeIgniter.php(943): App\Controllers\DataAsetController->index()
11 SYSTEMPATH\CodeIgniter.php(503): CodeIgniter\CodeIgniter->runController(Object(App\Controllers\DataAsetController))
12 SYSTEMPATH\CodeIgniter.php(361): CodeIgniter\CodeIgniter->handleRequest(null, Object(Config\Cache), false)
13 FCPATH\index.php(79): CodeIgniter\CodeIgniter->run()
14 SYSTEMPATH\Commands\Server\rewrite.php(47): require_once('C:\\xampp\\htdocs\\sarpras\\public\\index.php')
CRITICAL - 2024-10-21 05:53:44 --> ErrorException: Undefined variable: schools
in APPPATH\Views\admin\partials\header.php on line 119.
 1 APPPATH\Views\admin\partials\header.php(119): CodeIgniter\Debug\Exceptions->errorHandler(8, 'Undefined variable: schools', 'C:\\xampp\\htdocs\\sarpras\\app\\Views\\admin\\partials\\header.php', 119, [...])
 2 SYSTEMPATH\View\View.php(228): include('C:\\xampp\\htdocs\\sarpras\\app\\Views\\admin\\partials\\header.php')
 3 SYSTEMPATH\View\View.php(231): CodeIgniter\View\View->CodeIgniter\View\{closure}()
 4 SYSTEMPATH\View\View.php(469): CodeIgniter\View\View->render('admin/partials/header', null, true)
 5 APPPATH\Views\admin\dataaset\index.php(1): CodeIgniter\View\View->include('admin/partials/header')
 6 SYSTEMPATH\View\View.php(228): include('C:\\xampp\\htdocs\\sarpras\\app\\Views\\admin\\dataaset\\index.php')
 7 SYSTEMPATH\View\View.php(231): CodeIgniter\View\View->CodeIgniter\View\{closure}()
 8 SYSTEMPATH\Common.php(1178): CodeIgniter\View\View->render('admin/dataaset/index', [], true)
 9 APPPATH\Controllers\DataAsetController.php(22): view('admin/dataaset/index', [...])
10 SYSTEMPATH\CodeIgniter.php(943): App\Controllers\DataAsetController->index()
11 SYSTEMPATH\CodeIgniter.php(503): CodeIgniter\CodeIgniter->runController(Object(App\Controllers\DataAsetController))
12 SYSTEMPATH\CodeIgniter.php(361): CodeIgniter\CodeIgniter->handleRequest(null, Object(Config\Cache), false)
13 FCPATH\index.php(79): CodeIgniter\CodeIgniter->run()
14 SYSTEMPATH\Commands\Server\rewrite.php(47): require_once('C:\\xampp\\htdocs\\sarpras\\public\\index.php')
CRITICAL - 2024-10-21 05:53:52 --> ErrorException: Undefined variable: schools
in APPPATH\Views\admin\partials\header.php on line 119.
 1 APPPATH\Views\admin\partials\header.php(119): CodeIgniter\Debug\Exceptions->errorHandler(8, 'Undefined variable: schools', 'C:\\xampp\\htdocs\\sarpras\\app\\Views\\admin\\partials\\header.php', 119, [...])
 2 SYSTEMPATH\View\View.php(228): include('C:\\xampp\\htdocs\\sarpras\\app\\Views\\admin\\partials\\header.php')
 3 SYSTEMPATH\View\View.php(231): CodeIgniter\View\View->CodeIgniter\View\{closure}()
 4 SYSTEMPATH\View\View.php(469): CodeIgniter\View\View->render('admin/partials/header', null, true)
 5 APPPATH\Views\admin\dataaset\index.php(1): CodeIgniter\View\View->include('admin/partials/header')
 6 SYSTEMPATH\View\View.php(228): include('C:\\xampp\\htdocs\\sarpras\\app\\Views\\admin\\dataaset\\index.php')
 7 SYSTEMPATH\View\View.php(231): CodeIgniter\View\View->CodeIgniter\View\{closure}()
 8 SYSTEMPATH\Common.php(1178): CodeIgniter\View\View->render('admin/dataaset/index', [], true)
 9 APPPATH\Controllers\DataAsetController.php(22): view('admin/dataaset/index', [...])
10 SYSTEMPATH\CodeIgniter.php(943): App\Controllers\DataAsetController->index()
11 SYSTEMPATH\CodeIgniter.php(503): CodeIgniter\CodeIgniter->runController(Object(App\Controllers\DataAsetController))
12 SYSTEMPATH\CodeIgniter.php(361): CodeIgniter\CodeIgniter->handleRequest(null, Object(Config\Cache), false)
13 FCPATH\index.php(79): CodeIgniter\CodeIgniter->run()
14 SYSTEMPATH\Commands\Server\rewrite.php(47): require_once('C:\\xampp\\htdocs\\sarpras\\public\\index.php')
CRITICAL - 2024-10-21 05:53:54 --> ErrorException: Undefined variable: schools
in APPPATH\Views\admin\partials\header.php on line 119.
 1 APPPATH\Views\admin\partials\header.php(119): CodeIgniter\Debug\Exceptions->errorHandler(8, 'Undefined variable: schools', 'C:\\xampp\\htdocs\\sarpras\\app\\Views\\admin\\partials\\header.php', 119, [...])
 2 SYSTEMPATH\View\View.php(228): include('C:\\xampp\\htdocs\\sarpras\\app\\Views\\admin\\partials\\header.php')
 3 SYSTEMPATH\View\View.php(231): CodeIgniter\View\View->CodeIgniter\View\{closure}()
 4 SYSTEMPATH\View\View.php(469): CodeIgniter\View\View->render('admin/partials/header', null, true)
 5 APPPATH\Views\admin\kategori_aset\index.php(1): CodeIgniter\View\View->include('admin/partials/header')
 6 SYSTEMPATH\View\View.php(228): include('C:\\xampp\\htdocs\\sarpras\\app\\Views\\admin\\kategori_aset\\index.php')
 7 SYSTEMPATH\View\View.php(231): CodeIgniter\View\View->CodeIgniter\View\{closure}()
 8 SYSTEMPATH\Common.php(1178): CodeIgniter\View\View->render('admin/kategori_aset/index', [], true)
 9 APPPATH\Controllers\DependencyController.php(17): view('admin/kategori_aset/index', [...])
10 SYSTEMPATH\CodeIgniter.php(943): App\Controllers\DependencyController->indexKategoriAset()
11 SYSTEMPATH\CodeIgniter.php(503): CodeIgniter\CodeIgniter->runController(Object(App\Controllers\DependencyController))
12 SYSTEMPATH\CodeIgniter.php(361): CodeIgniter\CodeIgniter->handleRequest(null, Object(Config\Cache), false)
13 FCPATH\index.php(79): CodeIgniter\CodeIgniter->run()
14 SYSTEMPATH\Commands\Server\rewrite.php(47): require_once('C:\\xampp\\htdocs\\sarpras\\public\\index.php')
CRITICAL - 2024-10-21 05:54:01 --> ErrorException: Undefined variable: schools
in APPPATH\Views\admin\partials\header.php on line 119.
 1 APPPATH\Views\admin\partials\header.php(119): CodeIgniter\Debug\Exceptions->errorHandler(8, 'Undefined variable: schools', 'C:\\xampp\\htdocs\\sarpras\\app\\Views\\admin\\partials\\header.php', 119, [...])
 2 SYSTEMPATH\View\View.php(228): include('C:\\xampp\\htdocs\\sarpras\\app\\Views\\admin\\partials\\header.php')
 3 SYSTEMPATH\View\View.php(231): CodeIgniter\View\View->CodeIgniter\View\{closure}()
 4 SYSTEMPATH\View\View.php(469): CodeIgniter\View\View->render('admin/partials/header', null, true)
 5 APPPATH\Views\admin\users\index.php(1): CodeIgniter\View\View->include('admin/partials/header')
 6 SYSTEMPATH\View\View.php(228): include('C:\\xampp\\htdocs\\sarpras\\app\\Views\\admin\\users\\index.php')
 7 SYSTEMPATH\View\View.php(231): CodeIgniter\View\View->CodeIgniter\View\{closure}()
 8 SYSTEMPATH\Common.php(1178): CodeIgniter\View\View->render('admin/users/index', [], true)
 9 APPPATH\Controllers\UserController.php(34): view('admin/users/index', [...])
10 SYSTEMPATH\CodeIgniter.php(943): App\Controllers\UserController->index('47')
11 SYSTEMPATH\CodeIgniter.php(503): CodeIgniter\CodeIgniter->runController(Object(App\Controllers\UserController))
12 SYSTEMPATH\CodeIgniter.php(361): CodeIgniter\CodeIgniter->handleRequest(null, Object(Config\Cache), false)
13 FCPATH\index.php(79): CodeIgniter\CodeIgniter->run()
14 SYSTEMPATH\Commands\Server\rewrite.php(47): require_once('C:\\xampp\\htdocs\\sarpras\\public\\index.php')
CRITICAL - 2024-10-21 05:56:25 --> ErrorException: Undefined variable: schools
in APPPATH\Views\admin\partials\header.php on line 119.
 1 APPPATH\Views\admin\partials\header.php(119): CodeIgniter\Debug\Exceptions->errorHandler(8, 'Undefined variable: schools', 'C:\\xampp\\htdocs\\sarpras\\app\\Views\\admin\\partials\\header.php', 119, [...])
 2 SYSTEMPATH\View\View.php(228): include('C:\\xampp\\htdocs\\sarpras\\app\\Views\\admin\\partials\\header.php')
 3 SYSTEMPATH\View\View.php(231): CodeIgniter\View\View->CodeIgniter\View\{closure}()
 4 SYSTEMPATH\View\View.php(469): CodeIgniter\View\View->render('admin/partials/header', null, true)
 5 APPPATH\Views\admin\users\index.php(1): CodeIgniter\View\View->include('admin/partials/header')
 6 SYSTEMPATH\View\View.php(228): include('C:\\xampp\\htdocs\\sarpras\\app\\Views\\admin\\users\\index.php')
 7 SYSTEMPATH\View\View.php(231): CodeIgniter\View\View->CodeIgniter\View\{closure}()
 8 SYSTEMPATH\Common.php(1178): CodeIgniter\View\View->render('admin/users/index', [], true)
 9 APPPATH\Controllers\UserController.php(34): view('admin/users/index', [...])
10 SYSTEMPATH\CodeIgniter.php(943): App\Controllers\UserController->index('47')
11 SYSTEMPATH\CodeIgniter.php(503): CodeIgniter\CodeIgniter->runController(Object(App\Controllers\UserController))
12 SYSTEMPATH\CodeIgniter.php(361): CodeIgniter\CodeIgniter->handleRequest(null, Object(Config\Cache), false)
13 FCPATH\index.php(79): CodeIgniter\CodeIgniter->run()
14 SYSTEMPATH\Commands\Server\rewrite.php(47): require_once('C:\\xampp\\htdocs\\sarpras\\public\\index.php')
CRITICAL - 2024-10-21 05:58:07 --> ErrorException: Undefined variable: schools
in APPPATH\Views\admin\partials\header.php on line 119.
 1 APPPATH\Views\admin\partials\header.php(119): CodeIgniter\Debug\Exceptions->errorHandler(8, 'Undefined variable: schools', 'C:\\xampp\\htdocs\\sarpras\\app\\Views\\admin\\partials\\header.php', 119, [...])
 2 SYSTEMPATH\View\View.php(228): include('C:\\xampp\\htdocs\\sarpras\\app\\Views\\admin\\partials\\header.php')
 3 SYSTEMPATH\View\View.php(231): CodeIgniter\View\View->CodeIgniter\View\{closure}()
 4 SYSTEMPATH\View\View.php(469): CodeIgniter\View\View->render('admin/partials/header', null, true)
 5 APPPATH\Views\admin\dataaset\index.php(1): CodeIgniter\View\View->include('admin/partials/header')
 6 SYSTEMPATH\View\View.php(228): include('C:\\xampp\\htdocs\\sarpras\\app\\Views\\admin\\dataaset\\index.php')
 7 SYSTEMPATH\View\View.php(231): CodeIgniter\View\View->CodeIgniter\View\{closure}()
 8 SYSTEMPATH\Common.php(1178): CodeIgniter\View\View->render('admin/dataaset/index', [], true)
 9 APPPATH\Controllers\DataAsetController.php(22): view('admin/dataaset/index', [...])
10 SYSTEMPATH\CodeIgniter.php(943): App\Controllers\DataAsetController->index()
11 SYSTEMPATH\CodeIgniter.php(503): CodeIgniter\CodeIgniter->runController(Object(App\Controllers\DataAsetController))
12 SYSTEMPATH\CodeIgniter.php(361): CodeIgniter\CodeIgniter->handleRequest(null, Object(Config\Cache), false)
13 FCPATH\index.php(79): CodeIgniter\CodeIgniter->run()
14 SYSTEMPATH\Commands\Server\rewrite.php(47): require_once('C:\\xampp\\htdocs\\sarpras\\public\\index.php')
CRITICAL - 2024-10-21 05:58:13 --> ErrorException: Undefined variable: schools
in APPPATH\Views\admin\partials\header.php on line 119.
 1 APPPATH\Views\admin\partials\header.php(119): CodeIgniter\Debug\Exceptions->errorHandler(8, 'Undefined variable: schools', 'C:\\xampp\\htdocs\\sarpras\\app\\Views\\admin\\partials\\header.php', 119, [...])
 2 SYSTEMPATH\View\View.php(228): include('C:\\xampp\\htdocs\\sarpras\\app\\Views\\admin\\partials\\header.php')
 3 SYSTEMPATH\View\View.php(231): CodeIgniter\View\View->CodeIgniter\View\{closure}()
 4 SYSTEMPATH\View\View.php(469): CodeIgniter\View\View->render('admin/partials/header', null, true)
 5 APPPATH\Views\admin\users\index.php(1): CodeIgniter\View\View->include('admin/partials/header')
 6 SYSTEMPATH\View\View.php(228): include('C:\\xampp\\htdocs\\sarpras\\app\\Views\\admin\\users\\index.php')
 7 SYSTEMPATH\View\View.php(231): CodeIgniter\View\View->CodeIgniter\View\{closure}()
 8 SYSTEMPATH\Common.php(1178): CodeIgniter\View\View->render('admin/users/index', [], true)
 9 APPPATH\Controllers\UserController.php(34): view('admin/users/index', [...])
10 SYSTEMPATH\CodeIgniter.php(943): App\Controllers\UserController->index('47')
11 SYSTEMPATH\CodeIgniter.php(503): CodeIgniter\CodeIgniter->runController(Object(App\Controllers\UserController))
12 SYSTEMPATH\CodeIgniter.php(361): CodeIgniter\CodeIgniter->handleRequest(null, Object(Config\Cache), false)
13 FCPATH\index.php(79): CodeIgniter\CodeIgniter->run()
14 SYSTEMPATH\Commands\Server\rewrite.php(47): require_once('C:\\xampp\\htdocs\\sarpras\\public\\index.php')
CRITICAL - 2024-10-21 05:59:07 --> ErrorException: Undefined variable: schools
in APPPATH\Views\admin\partials\header.php on line 119.
 1 APPPATH\Views\admin\partials\header.php(119): CodeIgniter\Debug\Exceptions->errorHandler(8, 'Undefined variable: schools', 'C:\\xampp\\htdocs\\sarpras\\app\\Views\\admin\\partials\\header.php', 119, [...])
 2 SYSTEMPATH\View\View.php(228): include('C:\\xampp\\htdocs\\sarpras\\app\\Views\\admin\\partials\\header.php')
 3 SYSTEMPATH\View\View.php(231): CodeIgniter\View\View->CodeIgniter\View\{closure}()
 4 SYSTEMPATH\View\View.php(469): CodeIgniter\View\View->render('admin/partials/header', null, true)
 5 APPPATH\Views\admin\dataaset\index.php(1): CodeIgniter\View\View->include('admin/partials/header')
 6 SYSTEMPATH\View\View.php(228): include('C:\\xampp\\htdocs\\sarpras\\app\\Views\\admin\\dataaset\\index.php')
 7 SYSTEMPATH\View\View.php(231): CodeIgniter\View\View->CodeIgniter\View\{closure}()
 8 SYSTEMPATH\Common.php(1178): CodeIgniter\View\View->render('admin/dataaset/index', [], true)
 9 APPPATH\Controllers\DataAsetController.php(22): view('admin/dataaset/index', [...])
10 SYSTEMPATH\CodeIgniter.php(943): App\Controllers\DataAsetController->index()
11 SYSTEMPATH\CodeIgniter.php(503): CodeIgniter\CodeIgniter->runController(Object(App\Controllers\DataAsetController))
12 SYSTEMPATH\CodeIgniter.php(361): CodeIgniter\CodeIgniter->handleRequest(null, Object(Config\Cache), false)
13 FCPATH\index.php(79): CodeIgniter\CodeIgniter->run()
14 SYSTEMPATH\Commands\Server\rewrite.php(47): require_once('C:\\xampp\\htdocs\\sarpras\\public\\index.php')
CRITICAL - 2024-10-21 06:01:02 --> ErrorException: Undefined variable: schools
in APPPATH\Views\admin\partials\header.php on line 119.
 1 APPPATH\Views\admin\partials\header.php(119): CodeIgniter\Debug\Exceptions->errorHandler(8, 'Undefined variable: schools', 'C:\\xampp\\htdocs\\sarpras\\app\\Views\\admin\\partials\\header.php', 119, [...])
 2 SYSTEMPATH\View\View.php(228): include('C:\\xampp\\htdocs\\sarpras\\app\\Views\\admin\\partials\\header.php')
 3 SYSTEMPATH\View\View.php(231): CodeIgniter\View\View->CodeIgniter\View\{closure}()
 4 SYSTEMPATH\View\View.php(469): CodeIgniter\View\View->render('admin/partials/header', null, true)
 5 APPPATH\Views\admin\dataaset\index.php(1): CodeIgniter\View\View->include('admin/partials/header')
 6 SYSTEMPATH\View\View.php(228): include('C:\\xampp\\htdocs\\sarpras\\app\\Views\\admin\\dataaset\\index.php')
 7 SYSTEMPATH\View\View.php(231): CodeIgniter\View\View->CodeIgniter\View\{closure}()
 8 SYSTEMPATH\Common.php(1178): CodeIgniter\View\View->render('admin/dataaset/index', [], true)
 9 APPPATH\Controllers\DataAsetController.php(22): view('admin/dataaset/index', [...])
10 SYSTEMPATH\CodeIgniter.php(943): App\Controllers\DataAsetController->index()
11 SYSTEMPATH\CodeIgniter.php(503): CodeIgniter\CodeIgniter->runController(Object(App\Controllers\DataAsetController))
12 SYSTEMPATH\CodeIgniter.php(361): CodeIgniter\CodeIgniter->handleRequest(null, Object(Config\Cache), false)
13 FCPATH\index.php(79): CodeIgniter\CodeIgniter->run()
14 SYSTEMPATH\Commands\Server\rewrite.php(47): require_once('C:\\xampp\\htdocs\\sarpras\\public\\index.php')
CRITICAL - 2024-10-21 06:09:43 --> ErrorException: Undefined variable: schools
in APPPATH\Views\admin\partials\header.php on line 119.
 1 APPPATH\Views\admin\partials\header.php(119): CodeIgniter\Debug\Exceptions->errorHandler(8, 'Undefined variable: schools', 'C:\\xampp\\htdocs\\sarpras\\app\\Views\\admin\\partials\\header.php', 119, [...])
 2 SYSTEMPATH\View\View.php(228): include('C:\\xampp\\htdocs\\sarpras\\app\\Views\\admin\\partials\\header.php')
 3 SYSTEMPATH\View\View.php(231): CodeIgniter\View\View->CodeIgniter\View\{closure}()
 4 SYSTEMPATH\View\View.php(469): CodeIgniter\View\View->render('admin/partials/header', null, true)
 5 APPPATH\Views\admin\dataaset\index.php(1): CodeIgniter\View\View->include('admin/partials/header')
 6 SYSTEMPATH\View\View.php(228): include('C:\\xampp\\htdocs\\sarpras\\app\\Views\\admin\\dataaset\\index.php')
 7 SYSTEMPATH\View\View.php(231): CodeIgniter\View\View->CodeIgniter\View\{closure}()
 8 SYSTEMPATH\Common.php(1178): CodeIgniter\View\View->render('admin/dataaset/index', [], true)
 9 APPPATH\Controllers\DataAsetController.php(22): view('admin/dataaset/index', [...])
10 SYSTEMPATH\CodeIgniter.php(943): App\Controllers\DataAsetController->index()
11 SYSTEMPATH\CodeIgniter.php(503): CodeIgniter\CodeIgniter->runController(Object(App\Controllers\DataAsetController))
12 SYSTEMPATH\CodeIgniter.php(361): CodeIgniter\CodeIgniter->handleRequest(null, Object(Config\Cache), false)
13 FCPATH\index.php(79): CodeIgniter\CodeIgniter->run()
14 SYSTEMPATH\Commands\Server\rewrite.php(47): require_once('C:\\xampp\\htdocs\\sarpras\\public\\index.php')
CRITICAL - 2024-10-21 06:10:24 --> ErrorException: Undefined variable: schools
in APPPATH\Views\admin\partials\header.php on line 119.
 1 APPPATH\Views\admin\partials\header.php(119): CodeIgniter\Debug\Exceptions->errorHandler(8, 'Undefined variable: schools', 'C:\\xampp\\htdocs\\sarpras\\app\\Views\\admin\\partials\\header.php', 119, [...])
 2 SYSTEMPATH\View\View.php(228): include('C:\\xampp\\htdocs\\sarpras\\app\\Views\\admin\\partials\\header.php')
 3 SYSTEMPATH\View\View.php(231): CodeIgniter\View\View->CodeIgniter\View\{closure}()
 4 SYSTEMPATH\View\View.php(469): CodeIgniter\View\View->render('admin/partials/header', null, true)
 5 APPPATH\Views\admin\dataaset\index.php(1): CodeIgniter\View\View->include('admin/partials/header')
 6 SYSTEMPATH\View\View.php(228): include('C:\\xampp\\htdocs\\sarpras\\app\\Views\\admin\\dataaset\\index.php')
 7 SYSTEMPATH\View\View.php(231): CodeIgniter\View\View->CodeIgniter\View\{closure}()
 8 SYSTEMPATH\Common.php(1178): CodeIgniter\View\View->render('admin/dataaset/index', [], true)
 9 APPPATH\Controllers\DataAsetController.php(22): view('admin/dataaset/index', [...])
10 SYSTEMPATH\CodeIgniter.php(943): App\Controllers\DataAsetController->index()
11 SYSTEMPATH\CodeIgniter.php(503): CodeIgniter\CodeIgniter->runController(Object(App\Controllers\DataAsetController))
12 SYSTEMPATH\CodeIgniter.php(361): CodeIgniter\CodeIgniter->handleRequest(null, Object(Config\Cache), false)
13 FCPATH\index.php(79): CodeIgniter\CodeIgniter->run()
14 SYSTEMPATH\Commands\Server\rewrite.php(47): require_once('C:\\xampp\\htdocs\\sarpras\\public\\index.php')
CRITICAL - 2024-10-21 06:10:40 --> ErrorException: Undefined variable: schools
in APPPATH\Views\admin\partials\header.php on line 119.
 1 APPPATH\Views\admin\partials\header.php(119): CodeIgniter\Debug\Exceptions->errorHandler(8, 'Undefined variable: schools', 'C:\\xampp\\htdocs\\sarpras\\app\\Views\\admin\\partials\\header.php', 119, [...])
 2 SYSTEMPATH\View\View.php(228): include('C:\\xampp\\htdocs\\sarpras\\app\\Views\\admin\\partials\\header.php')
 3 SYSTEMPATH\View\View.php(231): CodeIgniter\View\View->CodeIgniter\View\{closure}()
 4 SYSTEMPATH\View\View.php(469): CodeIgniter\View\View->render('admin/partials/header', null, true)
 5 APPPATH\Views\admin\dataaset\index.php(1): CodeIgniter\View\View->include('admin/partials/header')
 6 SYSTEMPATH\View\View.php(228): include('C:\\xampp\\htdocs\\sarpras\\app\\Views\\admin\\dataaset\\index.php')
 7 SYSTEMPATH\View\View.php(231): CodeIgniter\View\View->CodeIgniter\View\{closure}()
 8 SYSTEMPATH\Common.php(1178): CodeIgniter\View\View->render('admin/dataaset/index', [], true)
 9 APPPATH\Controllers\DataAsetController.php(22): view('admin/dataaset/index', [...])
10 SYSTEMPATH\CodeIgniter.php(943): App\Controllers\DataAsetController->index()
11 SYSTEMPATH\CodeIgniter.php(503): CodeIgniter\CodeIgniter->runController(Object(App\Controllers\DataAsetController))
12 SYSTEMPATH\CodeIgniter.php(361): CodeIgniter\CodeIgniter->handleRequest(null, Object(Config\Cache), false)
13 FCPATH\index.php(79): CodeIgniter\CodeIgniter->run()
14 SYSTEMPATH\Commands\Server\rewrite.php(47): require_once('C:\\xampp\\htdocs\\sarpras\\public\\index.php')
CRITICAL - 2024-10-21 07:40:54 --> ErrorException: Undefined index: kategori_aset
in APPPATH\Views\admin\dataaset\detail.php on line 48.
 1 APPPATH\Views\admin\dataaset\detail.php(48): CodeIgniter\Debug\Exceptions->errorHandler(8, 'Undefined index: kategori_aset', 'C:\\xampp\\htdocs\\sarpras\\app\\Views\\admin\\dataaset\\detail.php', 48, [...])
 2 SYSTEMPATH\View\View.php(228): include('C:\\xampp\\htdocs\\sarpras\\app\\Views\\admin\\dataaset\\detail.php')
 3 SYSTEMPATH\View\View.php(231): CodeIgniter\View\View->CodeIgniter\View\{closure}()
 4 SYSTEMPATH\Common.php(1178): CodeIgniter\View\View->render('admin/dataaset/detail', [], true)
 5 APPPATH\Controllers\DataAsetController.php(36): view('admin/dataaset/detail', [...])
 6 SYSTEMPATH\CodeIgniter.php(943): App\Controllers\DataAsetController->detail('1')
 7 SYSTEMPATH\CodeIgniter.php(503): CodeIgniter\CodeIgniter->runController(Object(App\Controllers\DataAsetController))
 8 SYSTEMPATH\CodeIgniter.php(361): CodeIgniter\CodeIgniter->handleRequest(null, Object(Config\Cache), false)
 9 FCPATH\index.php(79): CodeIgniter\CodeIgniter->run()
10 SYSTEMPATH\Commands\Server\rewrite.php(47): require_once('C:\\xampp\\htdocs\\sarpras\\public\\index.php')
CRITICAL - 2024-10-21 07:41:36 --> ErrorException: Undefined index: kategori_aset
in APPPATH\Views\admin\dataaset\detail.php on line 48.
 1 APPPATH\Views\admin\dataaset\detail.php(48): CodeIgniter\Debug\Exceptions->errorHandler(8, 'Undefined index: kategori_aset', 'C:\\xampp\\htdocs\\sarpras\\app\\Views\\admin\\dataaset\\detail.php', 48, [...])
 2 SYSTEMPATH\View\View.php(228): include('C:\\xampp\\htdocs\\sarpras\\app\\Views\\admin\\dataaset\\detail.php')
 3 SYSTEMPATH\View\View.php(231): CodeIgniter\View\View->CodeIgniter\View\{closure}()
 4 SYSTEMPATH\Common.php(1178): CodeIgniter\View\View->render('admin/dataaset/detail', [], true)
 5 APPPATH\Controllers\DataAsetController.php(36): view('admin/dataaset/detail', [...])
 6 SYSTEMPATH\CodeIgniter.php(943): App\Controllers\DataAsetController->detail('1')
 7 SYSTEMPATH\CodeIgniter.php(503): CodeIgniter\CodeIgniter->runController(Object(App\Controllers\DataAsetController))
 8 SYSTEMPATH\CodeIgniter.php(361): CodeIgniter\CodeIgniter->handleRequest(null, Object(Config\Cache), false)
 9 FCPATH\index.php(79): CodeIgniter\CodeIgniter->run()
10 SYSTEMPATH\Commands\Server\rewrite.php(47): require_once('C:\\xampp\\htdocs\\sarpras\\public\\index.php')
CRITICAL - 2024-10-21 07:42:22 --> BadMethodCallException: Call to undefined method App\Models\DataAsetModel::getAsetPendingApproval
in SYSTEMPATH\Model.php on line 879.
 1 APPPATH\Controllers\ApprovalController.php(20): CodeIgniter\Model->__call('getAsetPendingApproval', [])
 2 SYSTEMPATH\CodeIgniter.php(943): App\Controllers\ApprovalController->index()
 3 SYSTEMPATH\CodeIgniter.php(503): CodeIgniter\CodeIgniter->runController(Object(App\Controllers\ApprovalController))
 4 SYSTEMPATH\CodeIgniter.php(361): CodeIgniter\CodeIgniter->handleRequest(null, Object(Config\Cache), false)
 5 FCPATH\index.php(79): CodeIgniter\CodeIgniter->run()
 6 SYSTEMPATH\Commands\Server\rewrite.php(47): require_once('C:\\xampp\\htdocs\\sarpras\\public\\index.php')
CRITICAL - 2024-10-21 07:42:51 --> ErrorException: Undefined index: kategori_aset
in APPPATH\Views\admin\dataaset\detail.php on line 48.
 1 APPPATH\Views\admin\dataaset\detail.php(48): CodeIgniter\Debug\Exceptions->errorHandler(8, 'Undefined index: kategori_aset', 'C:\\xampp\\htdocs\\sarpras\\app\\Views\\admin\\dataaset\\detail.php', 48, [...])
 2 SYSTEMPATH\View\View.php(228): include('C:\\xampp\\htdocs\\sarpras\\app\\Views\\admin\\dataaset\\detail.php')
 3 SYSTEMPATH\View\View.php(231): CodeIgniter\View\View->CodeIgniter\View\{closure}()
 4 SYSTEMPATH\Common.php(1178): CodeIgniter\View\View->render('admin/dataaset/detail', [], true)
 5 APPPATH\Controllers\DataAsetController.php(36): view('admin/dataaset/detail', [...])
 6 SYSTEMPATH\CodeIgniter.php(943): App\Controllers\DataAsetController->detail('1')
 7 SYSTEMPATH\CodeIgniter.php(503): CodeIgniter\CodeIgniter->runController(Object(App\Controllers\DataAsetController))
 8 SYSTEMPATH\CodeIgniter.php(361): CodeIgniter\CodeIgniter->handleRequest(null, Object(Config\Cache), false)
 9 FCPATH\index.php(79): CodeIgniter\CodeIgniter->run()
10 SYSTEMPATH\Commands\Server\rewrite.php(47): require_once('C:\\xampp\\htdocs\\sarpras\\public\\index.php')
CRITICAL - 2024-10-21 07:45:59 --> ErrorException: Undefined index: kategori_aset
in APPPATH\Views\admin\dataaset\detail.php on line 48.
 1 APPPATH\Views\admin\dataaset\detail.php(48): CodeIgniter\Debug\Exceptions->errorHandler(8, 'Undefined index: kategori_aset', 'C:\\xampp\\htdocs\\sarpras\\app\\Views\\admin\\dataaset\\detail.php', 48, [...])
 2 SYSTEMPATH\View\View.php(228): include('C:\\xampp\\htdocs\\sarpras\\app\\Views\\admin\\dataaset\\detail.php')
 3 SYSTEMPATH\View\View.php(231): CodeIgniter\View\View->CodeIgniter\View\{closure}()
 4 SYSTEMPATH\Common.php(1178): CodeIgniter\View\View->render('admin/dataaset/detail', [], true)
 5 APPPATH\Controllers\DataAsetController.php(36): view('admin/dataaset/detail', [...])
 6 SYSTEMPATH\CodeIgniter.php(943): App\Controllers\DataAsetController->detail('1')
 7 SYSTEMPATH\CodeIgniter.php(503): CodeIgniter\CodeIgniter->runController(Object(App\Controllers\DataAsetController))
 8 SYSTEMPATH\CodeIgniter.php(361): CodeIgniter\CodeIgniter->handleRequest(null, Object(Config\Cache), false)
 9 FCPATH\index.php(79): CodeIgniter\CodeIgniter->run()
10 SYSTEMPATH\Commands\Server\rewrite.php(47): require_once('C:\\xampp\\htdocs\\sarpras\\public\\index.php')
CRITICAL - 2024-10-21 07:46:03 --> ErrorException: Undefined index: kategori_aset
in APPPATH\Views\admin\dataaset\detail.php on line 48.
 1 APPPATH\Views\admin\dataaset\detail.php(48): CodeIgniter\Debug\Exceptions->errorHandler(8, 'Undefined index: kategori_aset', 'C:\\xampp\\htdocs\\sarpras\\app\\Views\\admin\\dataaset\\detail.php', 48, [...])
 2 SYSTEMPATH\View\View.php(228): include('C:\\xampp\\htdocs\\sarpras\\app\\Views\\admin\\dataaset\\detail.php')
 3 SYSTEMPATH\View\View.php(231): CodeIgniter\View\View->CodeIgniter\View\{closure}()
 4 SYSTEMPATH\Common.php(1178): CodeIgniter\View\View->render('admin/dataaset/detail', [], true)
 5 APPPATH\Controllers\DataAsetController.php(36): view('admin/dataaset/detail', [...])
 6 SYSTEMPATH\CodeIgniter.php(943): App\Controllers\DataAsetController->detail('1')
 7 SYSTEMPATH\CodeIgniter.php(503): CodeIgniter\CodeIgniter->runController(Object(App\Controllers\DataAsetController))
 8 SYSTEMPATH\CodeIgniter.php(361): CodeIgniter\CodeIgniter->handleRequest(null, Object(Config\Cache), false)
 9 FCPATH\index.php(79): CodeIgniter\CodeIgniter->run()
10 SYSTEMPATH\Commands\Server\rewrite.php(47): require_once('C:\\xampp\\htdocs\\sarpras\\public\\index.php')
CRITICAL - 2024-10-21 07:47:41 --> ErrorException: Undefined index: kategori_data
in APPPATH\Views\admin\dataaset\detail.php on line 52.
 1 APPPATH\Views\admin\dataaset\detail.php(52): CodeIgniter\Debug\Exceptions->errorHandler(8, 'Undefined index: kategori_data', 'C:\\xampp\\htdocs\\sarpras\\app\\Views\\admin\\dataaset\\detail.php', 52, [...])
 2 SYSTEMPATH\View\View.php(228): include('C:\\xampp\\htdocs\\sarpras\\app\\Views\\admin\\dataaset\\detail.php')
 3 SYSTEMPATH\View\View.php(231): CodeIgniter\View\View->CodeIgniter\View\{closure}()
 4 SYSTEMPATH\Common.php(1178): CodeIgniter\View\View->render('admin/dataaset/detail', [], true)
 5 APPPATH\Controllers\DataAsetController.php(47): view('admin/dataaset/detail', [...])
 6 SYSTEMPATH\CodeIgniter.php(943): App\Controllers\DataAsetController->detail('1')
 7 SYSTEMPATH\CodeIgniter.php(503): CodeIgniter\CodeIgniter->runController(Object(App\Controllers\DataAsetController))
 8 SYSTEMPATH\CodeIgniter.php(361): CodeIgniter\CodeIgniter->handleRequest(null, Object(Config\Cache), false)
 9 FCPATH\index.php(79): CodeIgniter\CodeIgniter->run()
10 SYSTEMPATH\Commands\Server\rewrite.php(47): require_once('C:\\xampp\\htdocs\\sarpras\\public\\index.php')
CRITICAL - 2024-10-21 19:39:22 --> CodeIgniter\View\Exceptions\ViewException: Invalid file: "admin/approvals/index.php"
in SYSTEMPATH\Exceptions\FrameworkException.php on line 39.
 1 SYSTEMPATH\View\View.php(216): CodeIgniter\Exceptions\FrameworkException::forInvalidFile('admin/approvals/index.php')
 2 SYSTEMPATH\Common.php(1178): CodeIgniter\View\View->render('admin/approvals/index', [], true)
 3 APPPATH\Controllers\ApprovalController.php(50): view('admin/approvals/index', [...])
 4 SYSTEMPATH\CodeIgniter.php(943): App\Controllers\ApprovalController->index()
 5 SYSTEMPATH\CodeIgniter.php(503): CodeIgniter\CodeIgniter->runController(Object(App\Controllers\ApprovalController))
 6 SYSTEMPATH\CodeIgniter.php(361): CodeIgniter\CodeIgniter->handleRequest(null, Object(Config\Cache), false)
 7 FCPATH\index.php(79): CodeIgniter\CodeIgniter->run()
 8 SYSTEMPATH\Commands\Server\rewrite.php(47): require_once('C:\\xampp\\htdocs\\sarpras\\public\\index.php')
CRITICAL - 2024-10-21 20:33:58 --> ErrorException: Undefined index: nama_aset
in APPPATH\Views\admin\approvals\edit.php on line 14.
 1 APPPATH\Views\admin\approvals\edit.php(14): CodeIgniter\Debug\Exceptions->errorHandler(8, 'Undefined index: nama_aset', 'C:\\xampp\\htdocs\\sarpras\\app\\Views\\admin\\approvals\\edit.php', 14, [...])
 2 SYSTEMPATH\View\View.php(228): include('C:\\xampp\\htdocs\\sarpras\\app\\Views\\admin\\approvals\\edit.php')
 3 SYSTEMPATH\View\View.php(231): CodeIgniter\View\View->CodeIgniter\View\{closure}()
 4 SYSTEMPATH\Common.php(1178): CodeIgniter\View\View->render('admin/approvals/edit', [], true)
 5 APPPATH\Controllers\ApprovalController.php(80): view('admin/approvals/edit', [...])
 6 SYSTEMPATH\CodeIgniter.php(943): App\Controllers\ApprovalController->edit('1')
 7 SYSTEMPATH\CodeIgniter.php(503): CodeIgniter\CodeIgniter->runController(Object(App\Controllers\ApprovalController))
 8 SYSTEMPATH\CodeIgniter.php(361): CodeIgniter\CodeIgniter->handleRequest(null, Object(Config\Cache), false)
 9 FCPATH\index.php(79): CodeIgniter\CodeIgniter->run()
10 SYSTEMPATH\Commands\Server\rewrite.php(47): require_once('C:\\xampp\\htdocs\\sarpras\\public\\index.php')
CRITICAL - 2024-10-21 20:36:40 --> ErrorException: Undefined index: note
in APPPATH\Views\admin\approvals\edit.php on line 26.
 1 APPPATH\Views\admin\approvals\edit.php(26): CodeIgniter\Debug\Exceptions->errorHandler(8, 'Undefined index: note', 'C:\\xampp\\htdocs\\sarpras\\app\\Views\\admin\\approvals\\edit.php', 26, [...])
 2 SYSTEMPATH\View\View.php(228): include('C:\\xampp\\htdocs\\sarpras\\app\\Views\\admin\\approvals\\edit.php')
 3 SYSTEMPATH\View\View.php(231): CodeIgniter\View\View->CodeIgniter\View\{closure}()
 4 SYSTEMPATH\Common.php(1178): CodeIgniter\View\View->render('admin/approvals/edit', [], true)
 5 APPPATH\Controllers\ApprovalController.php(90): view('admin/approvals/edit', [...])
 6 SYSTEMPATH\CodeIgniter.php(943): App\Controllers\ApprovalController->edit('1')
 7 SYSTEMPATH\CodeIgniter.php(503): CodeIgniter\CodeIgniter->runController(Object(App\Controllers\ApprovalController))
 8 SYSTEMPATH\CodeIgniter.php(361): CodeIgniter\CodeIgniter->handleRequest(null, Object(Config\Cache), false)
 9 FCPATH\index.php(79): CodeIgniter\CodeIgniter->run()
10 SYSTEMPATH\Commands\Server\rewrite.php(47): require_once('C:\\xampp\\htdocs\\sarpras\\public\\index.php')
CRITICAL - 2024-10-21 20:39:06 --> ErrorException: Undefined index: note
in APPPATH\Views\admin\approvals\edit.php on line 26.
 1 APPPATH\Views\admin\approvals\edit.php(26): CodeIgniter\Debug\Exceptions->errorHandler(8, 'Undefined index: note', 'C:\\xampp\\htdocs\\sarpras\\app\\Views\\admin\\approvals\\edit.php', 26, [...])
 2 SYSTEMPATH\View\View.php(228): include('C:\\xampp\\htdocs\\sarpras\\app\\Views\\admin\\approvals\\edit.php')
 3 SYSTEMPATH\View\View.php(231): CodeIgniter\View\View->CodeIgniter\View\{closure}()
 4 SYSTEMPATH\Common.php(1178): CodeIgniter\View\View->render('admin/approvals/edit', [], true)
 5 APPPATH\Controllers\ApprovalController.php(90): view('admin/approvals/edit', [...])
 6 SYSTEMPATH\CodeIgniter.php(943): App\Controllers\ApprovalController->edit('1')
 7 SYSTEMPATH\CodeIgniter.php(503): CodeIgniter\CodeIgniter->runController(Object(App\Controllers\ApprovalController))
 8 SYSTEMPATH\CodeIgniter.php(361): CodeIgniter\CodeIgniter->handleRequest(null, Object(Config\Cache), false)
 9 FCPATH\index.php(79): CodeIgniter\CodeIgniter->run()
10 SYSTEMPATH\Commands\Server\rewrite.php(47): require_once('C:\\xampp\\htdocs\\sarpras\\public\\index.php')
CRITICAL - 2024-10-21 20:40:12 --> ErrorException: Undefined index: note
in APPPATH\Views\admin\approvals\edit.php on line 26.
 1 APPPATH\Views\admin\approvals\edit.php(26): CodeIgniter\Debug\Exceptions->errorHandler(8, 'Undefined index: note', 'C:\\xampp\\htdocs\\sarpras\\app\\Views\\admin\\approvals\\edit.php', 26, [...])
 2 SYSTEMPATH\View\View.php(228): include('C:\\xampp\\htdocs\\sarpras\\app\\Views\\admin\\approvals\\edit.php')
 3 SYSTEMPATH\View\View.php(231): CodeIgniter\View\View->CodeIgniter\View\{closure}()
 4 SYSTEMPATH\Common.php(1178): CodeIgniter\View\View->render('admin/approvals/edit', [], true)
 5 APPPATH\Controllers\ApprovalController.php(90): view('admin/approvals/edit', [...])
 6 SYSTEMPATH\CodeIgniter.php(943): App\Controllers\ApprovalController->edit('1')
 7 SYSTEMPATH\CodeIgniter.php(503): CodeIgniter\CodeIgniter->runController(Object(App\Controllers\ApprovalController))
 8 SYSTEMPATH\CodeIgniter.php(361): CodeIgniter\CodeIgniter->handleRequest(null, Object(Config\Cache), false)
 9 FCPATH\index.php(79): CodeIgniter\CodeIgniter->run()
10 SYSTEMPATH\Commands\Server\rewrite.php(47): require_once('C:\\xampp\\htdocs\\sarpras\\public\\index.php')
CRITICAL - 2024-10-21 20:40:49 --> ErrorException: Undefined index: note
in APPPATH\Views\admin\approvals\edit.php on line 26.
 1 APPPATH\Views\admin\approvals\edit.php(26): CodeIgniter\Debug\Exceptions->errorHandler(8, 'Undefined index: note', 'C:\\xampp\\htdocs\\sarpras\\app\\Views\\admin\\approvals\\edit.php', 26, [...])
 2 SYSTEMPATH\View\View.php(228): include('C:\\xampp\\htdocs\\sarpras\\app\\Views\\admin\\approvals\\edit.php')
 3 SYSTEMPATH\View\View.php(231): CodeIgniter\View\View->CodeIgniter\View\{closure}()
 4 SYSTEMPATH\Common.php(1178): CodeIgniter\View\View->render('admin/approvals/edit', [], true)
 5 APPPATH\Controllers\ApprovalController.php(90): view('admin/approvals/edit', [...])
 6 SYSTEMPATH\CodeIgniter.php(943): App\Controllers\ApprovalController->edit('1')
 7 SYSTEMPATH\CodeIgniter.php(503): CodeIgniter\CodeIgniter->runController(Object(App\Controllers\ApprovalController))
 8 SYSTEMPATH\CodeIgniter.php(361): CodeIgniter\CodeIgniter->handleRequest(null, Object(Config\Cache), false)
 9 FCPATH\index.php(79): CodeIgniter\CodeIgniter->run()
10 SYSTEMPATH\Commands\Server\rewrite.php(47): require_once('C:\\xampp\\htdocs\\sarpras\\public\\index.php')
