CRITICAL - 2024-11-02 14:54:25 --> CodeIgniter\View\Exceptions\ViewException: Invalid file: "operator/dataaset/index.php"
in SYSTEMPATH\Exceptions\FrameworkException.php on line 39.
 1 SYSTEMPATH\View\View.php(216): CodeIgniter\Exceptions\FrameworkException::forInvalidFile('operator/dataaset/index.php')
 2 SYSTEMPATH\Common.php(1178): CodeIgniter\View\View->render('operator/dataaset/index', [], true)
 3 APPPATH\Controllers\DataAsetController.php(25): view('operator/dataaset/index', [...])
 4 SYSTEMPATH\CodeIgniter.php(943): App\Controllers\DataAsetController->index()
 5 SYSTEMPATH\CodeIgniter.php(503): CodeIgniter\CodeIgniter->runController(Object(App\Controllers\DataAsetController))
 6 SYSTEMPATH\CodeIgniter.php(361): CodeIgniter\CodeIgniter->handleRequest(null, Object(Config\Cache), false)
 7 FCPATH\index.php(79): CodeIgniter\CodeIgniter->run()
 8 SYSTEMPATH\Commands\Server\rewrite.php(47): require_once('C:\\xampp\\htdocs\\sarpras\\public\\index.php')
CRITICAL - 2024-11-02 14:54:34 --> CodeIgniter\View\Exceptions\ViewException: Invalid file: "operator/dataaset/index.php"
in SYSTEMPATH\Exceptions\FrameworkException.php on line 39.
 1 SYSTEMPATH\View\View.php(216): CodeIgniter\Exceptions\FrameworkException::forInvalidFile('operator/dataaset/index.php')
 2 SYSTEMPATH\Common.php(1178): CodeIgniter\View\View->render('operator/dataaset/index', [], true)
 3 APPPATH\Controllers\DataAsetController.php(25): view('operator/dataaset/index', [...])
 4 SYSTEMPATH\CodeIgniter.php(943): App\Controllers\DataAsetController->index()
 5 SYSTEMPATH\CodeIgniter.php(503): CodeIgniter\CodeIgniter->runController(Object(App\Controllers\DataAsetController))
 6 SYSTEMPATH\CodeIgniter.php(361): CodeIgniter\CodeIgniter->handleRequest(null, Object(Config\Cache), false)
 7 FCPATH\index.php(79): CodeIgniter\CodeIgniter->run()
 8 SYSTEMPATH\Commands\Server\rewrite.php(47): require_once('C:\\xampp\\htdocs\\sarpras\\public\\index.php')
CRITICAL - 2024-11-02 14:54:36 --> CodeIgniter\View\Exceptions\ViewException: Invalid file: "operator/dataaset/index.php"
in SYSTEMPATH\Exceptions\FrameworkException.php on line 39.
 1 SYSTEMPATH\View\View.php(216): CodeIgniter\Exceptions\FrameworkException::forInvalidFile('operator/dataaset/index.php')
 2 SYSTEMPATH\Common.php(1178): CodeIgniter\View\View->render('operator/dataaset/index', [], true)
 3 APPPATH\Controllers\DataAsetController.php(25): view('operator/dataaset/index', [...])
 4 SYSTEMPATH\CodeIgniter.php(943): App\Controllers\DataAsetController->index()
 5 SYSTEMPATH\CodeIgniter.php(503): CodeIgniter\CodeIgniter->runController(Object(App\Controllers\DataAsetController))
 6 SYSTEMPATH\CodeIgniter.php(361): CodeIgniter\CodeIgniter->handleRequest(null, Object(Config\Cache), false)
 7 FCPATH\index.php(79): CodeIgniter\CodeIgniter->run()
 8 SYSTEMPATH\Commands\Server\rewrite.php(47): require_once('C:\\xampp\\htdocs\\sarpras\\public\\index.php')
