CRITICAL - 2024-09-19 03:12:06 --> ErrorException: Undefined variable: schools
in APPPATH\Views\footer.php on line 67.
 1 APPPATH\Views\footer.php(67): CodeIgniter\Debug\Exceptions->errorHandler(8, 'Undefined variable: schools', 'C:\\xampp\\htdocs\\sarpras\\app\\Views\\footer.php', 67, [...])
 2 SYSTEMPATH\View\View.php(228): include('C:\\xampp\\htdocs\\sarpras\\app\\Views\\footer.php')
 3 SYSTEMPATH\View\View.php(231): CodeIgniter\View\View->CodeIgniter\View\{closure}()
 4 SYSTEMPATH\View\View.php(469): CodeIgniter\View\View->render('footer', null, true)
 5 APPPATH\Views\detail_school.php(62): CodeIgniter\View\View->include('footer')
 6 SYSTEMPATH\View\View.php(228): include('C:\\xampp\\htdocs\\sarpras\\app\\Views\\detail_school.php')
 7 SYSTEMPATH\View\View.php(231): CodeIgniter\View\View->CodeIgniter\View\{closure}()
 8 SYSTEMPATH\Common.php(1178): CodeIgniter\View\View->render('detail_school', [], true)
 9 APPPATH\Controllers\HomeController.php(26): view('detail_school', [...])
10 SYSTEMPATH\CodeIgniter.php(943): App\Controllers\HomeController->detail('66')
11 SYSTEMPATH\CodeIgniter.php(503): CodeIgniter\CodeIgniter->runController(Object(App\Controllers\HomeController))
12 SYSTEMPATH\CodeIgniter.php(361): CodeIgniter\CodeIgniter->handleRequest(null, Object(Config\Cache), false)
13 FCPATH\index.php(79): CodeIgniter\CodeIgniter->run()
14 SYSTEMPATH\Commands\Server\rewrite.php(47): require_once('C:\\xampp\\htdocs\\sarpras\\public\\index.php')
CRITICAL - 2024-09-19 03:13:08 --> ErrorException: Undefined variable: schools
in APPPATH\Views\detail_school.php on line 45.
 1 APPPATH\Views\detail_school.php(45): CodeIgniter\Debug\Exceptions->errorHandler(8, 'Undefined variable: schools', 'C:\\xampp\\htdocs\\sarpras\\app\\Views\\detail_school.php', 45, [...])
 2 SYSTEMPATH\View\View.php(228): include('C:\\xampp\\htdocs\\sarpras\\app\\Views\\detail_school.php')
 3 SYSTEMPATH\View\View.php(231): CodeIgniter\View\View->CodeIgniter\View\{closure}()
 4 SYSTEMPATH\Common.php(1178): CodeIgniter\View\View->render('detail_school', [], true)
 5 APPPATH\Controllers\HomeController.php(26): view('detail_school', [...])
 6 SYSTEMPATH\CodeIgniter.php(943): App\Controllers\HomeController->detail('66')
 7 SYSTEMPATH\CodeIgniter.php(503): CodeIgniter\CodeIgniter->runController(Object(App\Controllers\HomeController))
 8 SYSTEMPATH\CodeIgniter.php(361): CodeIgniter\CodeIgniter->handleRequest(null, Object(Config\Cache), false)
 9 FCPATH\index.php(79): CodeIgniter\CodeIgniter->run()
10 SYSTEMPATH\Commands\Server\rewrite.php(47): require_once('C:\\xampp\\htdocs\\sarpras\\public\\index.php')
CRITICAL - 2024-09-19 03:13:37 --> ErrorException: Undefined variable: schools
in APPPATH\Views\footer.php on line 67.
 1 APPPATH\Views\footer.php(67): CodeIgniter\Debug\Exceptions->errorHandler(8, 'Undefined variable: schools', 'C:\\xampp\\htdocs\\sarpras\\app\\Views\\footer.php', 67, [...])
 2 SYSTEMPATH\View\View.php(228): include('C:\\xampp\\htdocs\\sarpras\\app\\Views\\footer.php')
 3 SYSTEMPATH\View\View.php(231): CodeIgniter\View\View->CodeIgniter\View\{closure}()
 4 SYSTEMPATH\View\View.php(469): CodeIgniter\View\View->render('footer', null, true)
 5 APPPATH\Views\detail_school.php(62): CodeIgniter\View\View->include('footer')
 6 SYSTEMPATH\View\View.php(228): include('C:\\xampp\\htdocs\\sarpras\\app\\Views\\detail_school.php')
 7 SYSTEMPATH\View\View.php(231): CodeIgniter\View\View->CodeIgniter\View\{closure}()
 8 SYSTEMPATH\Common.php(1178): CodeIgniter\View\View->render('detail_school', [], true)
 9 APPPATH\Controllers\HomeController.php(26): view('detail_school', [...])
10 SYSTEMPATH\CodeIgniter.php(943): App\Controllers\HomeController->detail('66')
11 SYSTEMPATH\CodeIgniter.php(503): CodeIgniter\CodeIgniter->runController(Object(App\Controllers\HomeController))
12 SYSTEMPATH\CodeIgniter.php(361): CodeIgniter\CodeIgniter->handleRequest(null, Object(Config\Cache), false)
13 FCPATH\index.php(79): CodeIgniter\CodeIgniter->run()
14 SYSTEMPATH\Commands\Server\rewrite.php(47): require_once('C:\\xampp\\htdocs\\sarpras\\public\\index.php')
CRITICAL - 2024-09-19 03:13:43 --> ErrorException: Undefined variable: schools
in APPPATH\Views\footer.php on line 67.
 1 APPPATH\Views\footer.php(67): CodeIgniter\Debug\Exceptions->errorHandler(8, 'Undefined variable: schools', 'C:\\xampp\\htdocs\\sarpras\\app\\Views\\footer.php', 67, [...])
 2 SYSTEMPATH\View\View.php(228): include('C:\\xampp\\htdocs\\sarpras\\app\\Views\\footer.php')
 3 SYSTEMPATH\View\View.php(231): CodeIgniter\View\View->CodeIgniter\View\{closure}()
 4 SYSTEMPATH\View\View.php(469): CodeIgniter\View\View->render('footer', null, true)
 5 APPPATH\Views\detail_school.php(62): CodeIgniter\View\View->include('footer')
 6 SYSTEMPATH\View\View.php(228): include('C:\\xampp\\htdocs\\sarpras\\app\\Views\\detail_school.php')
 7 SYSTEMPATH\View\View.php(231): CodeIgniter\View\View->CodeIgniter\View\{closure}()
 8 SYSTEMPATH\Common.php(1178): CodeIgniter\View\View->render('detail_school', [], true)
 9 APPPATH\Controllers\HomeController.php(26): view('detail_school', [...])
10 SYSTEMPATH\CodeIgniter.php(943): App\Controllers\HomeController->detail('48')
11 SYSTEMPATH\CodeIgniter.php(503): CodeIgniter\CodeIgniter->runController(Object(App\Controllers\HomeController))
12 SYSTEMPATH\CodeIgniter.php(361): CodeIgniter\CodeIgniter->handleRequest(null, Object(Config\Cache), false)
13 FCPATH\index.php(79): CodeIgniter\CodeIgniter->run()
14 SYSTEMPATH\Commands\Server\rewrite.php(47): require_once('C:\\xampp\\htdocs\\sarpras\\public\\index.php')
CRITICAL - 2024-09-19 03:17:26 --> ErrorException: Undefined variable: schools
in APPPATH\Views\detail_school.php on line 62.
 1 APPPATH\Views\detail_school.php(62): CodeIgniter\Debug\Exceptions->errorHandler(8, 'Undefined variable: schools', 'C:\\xampp\\htdocs\\sarpras\\app\\Views\\detail_school.php', 62, [...])
 2 SYSTEMPATH\View\View.php(228): include('C:\\xampp\\htdocs\\sarpras\\app\\Views\\detail_school.php')
 3 SYSTEMPATH\View\View.php(231): CodeIgniter\View\View->CodeIgniter\View\{closure}()
 4 SYSTEMPATH\Common.php(1178): CodeIgniter\View\View->render('detail_school', [], true)
 5 APPPATH\Controllers\HomeController.php(26): view('detail_school', [...])
 6 SYSTEMPATH\CodeIgniter.php(943): App\Controllers\HomeController->detail('48')
 7 SYSTEMPATH\CodeIgniter.php(503): CodeIgniter\CodeIgniter->runController(Object(App\Controllers\HomeController))
 8 SYSTEMPATH\CodeIgniter.php(361): CodeIgniter\CodeIgniter->handleRequest(null, Object(Config\Cache), false)
 9 FCPATH\index.php(79): CodeIgniter\CodeIgniter->run()
10 SYSTEMPATH\Commands\Server\rewrite.php(47): require_once('C:\\xampp\\htdocs\\sarpras\\public\\index.php')
CRITICAL - 2024-09-19 03:17:51 --> ErrorException: Undefined variable: schools
in APPPATH\Views\detail_school.php on line 62.
 1 APPPATH\Views\detail_school.php(62): CodeIgniter\Debug\Exceptions->errorHandler(8, 'Undefined variable: schools', 'C:\\xampp\\htdocs\\sarpras\\app\\Views\\detail_school.php', 62, [...])
 2 SYSTEMPATH\View\View.php(228): include('C:\\xampp\\htdocs\\sarpras\\app\\Views\\detail_school.php')
 3 SYSTEMPATH\View\View.php(231): CodeIgniter\View\View->CodeIgniter\View\{closure}()
 4 SYSTEMPATH\Common.php(1178): CodeIgniter\View\View->render('detail_school', [], true)
 5 APPPATH\Controllers\HomeController.php(26): view('detail_school', [...])
 6 SYSTEMPATH\CodeIgniter.php(943): App\Controllers\HomeController->detail('48')
 7 SYSTEMPATH\CodeIgniter.php(503): CodeIgniter\CodeIgniter->runController(Object(App\Controllers\HomeController))
 8 SYSTEMPATH\CodeIgniter.php(361): CodeIgniter\CodeIgniter->handleRequest(null, Object(Config\Cache), false)
 9 FCPATH\index.php(79): CodeIgniter\CodeIgniter->run()
10 SYSTEMPATH\Commands\Server\rewrite.php(47): require_once('C:\\xampp\\htdocs\\sarpras\\public\\index.php')
CRITICAL - 2024-09-19 03:17:52 --> ErrorException: Undefined variable: schools
in APPPATH\Views\detail_school.php on line 62.
 1 APPPATH\Views\detail_school.php(62): CodeIgniter\Debug\Exceptions->errorHandler(8, 'Undefined variable: schools', 'C:\\xampp\\htdocs\\sarpras\\app\\Views\\detail_school.php', 62, [...])
 2 SYSTEMPATH\View\View.php(228): include('C:\\xampp\\htdocs\\sarpras\\app\\Views\\detail_school.php')
 3 SYSTEMPATH\View\View.php(231): CodeIgniter\View\View->CodeIgniter\View\{closure}()
 4 SYSTEMPATH\Common.php(1178): CodeIgniter\View\View->render('detail_school', [], true)
 5 APPPATH\Controllers\HomeController.php(26): view('detail_school', [...])
 6 SYSTEMPATH\CodeIgniter.php(943): App\Controllers\HomeController->detail('48')
 7 SYSTEMPATH\CodeIgniter.php(503): CodeIgniter\CodeIgniter->runController(Object(App\Controllers\HomeController))
 8 SYSTEMPATH\CodeIgniter.php(361): CodeIgniter\CodeIgniter->handleRequest(null, Object(Config\Cache), false)
 9 FCPATH\index.php(79): CodeIgniter\CodeIgniter->run()
10 SYSTEMPATH\Commands\Server\rewrite.php(47): require_once('C:\\xampp\\htdocs\\sarpras\\public\\index.php')
CRITICAL - 2024-09-19 03:17:52 --> ErrorException: Undefined variable: schools
in APPPATH\Views\detail_school.php on line 62.
 1 APPPATH\Views\detail_school.php(62): CodeIgniter\Debug\Exceptions->errorHandler(8, 'Undefined variable: schools', 'C:\\xampp\\htdocs\\sarpras\\app\\Views\\detail_school.php', 62, [...])
 2 SYSTEMPATH\View\View.php(228): include('C:\\xampp\\htdocs\\sarpras\\app\\Views\\detail_school.php')
 3 SYSTEMPATH\View\View.php(231): CodeIgniter\View\View->CodeIgniter\View\{closure}()
 4 SYSTEMPATH\Common.php(1178): CodeIgniter\View\View->render('detail_school', [], true)
 5 APPPATH\Controllers\HomeController.php(26): view('detail_school', [...])
 6 SYSTEMPATH\CodeIgniter.php(943): App\Controllers\HomeController->detail('48')
 7 SYSTEMPATH\CodeIgniter.php(503): CodeIgniter\CodeIgniter->runController(Object(App\Controllers\HomeController))
 8 SYSTEMPATH\CodeIgniter.php(361): CodeIgniter\CodeIgniter->handleRequest(null, Object(Config\Cache), false)
 9 FCPATH\index.php(79): CodeIgniter\CodeIgniter->run()
10 SYSTEMPATH\Commands\Server\rewrite.php(47): require_once('C:\\xampp\\htdocs\\sarpras\\public\\index.php')
CRITICAL - 2024-09-19 03:17:58 --> ErrorException: Undefined variable: schools
in APPPATH\Views\detail_school.php on line 62.
 1 APPPATH\Views\detail_school.php(62): CodeIgniter\Debug\Exceptions->errorHandler(8, 'Undefined variable: schools', 'C:\\xampp\\htdocs\\sarpras\\app\\Views\\detail_school.php', 62, [...])
 2 SYSTEMPATH\View\View.php(228): include('C:\\xampp\\htdocs\\sarpras\\app\\Views\\detail_school.php')
 3 SYSTEMPATH\View\View.php(231): CodeIgniter\View\View->CodeIgniter\View\{closure}()
 4 SYSTEMPATH\Common.php(1178): CodeIgniter\View\View->render('detail_school', [], true)
 5 APPPATH\Controllers\HomeController.php(26): view('detail_school', [...])
 6 SYSTEMPATH\CodeIgniter.php(943): App\Controllers\HomeController->detail('48')
 7 SYSTEMPATH\CodeIgniter.php(503): CodeIgniter\CodeIgniter->runController(Object(App\Controllers\HomeController))
 8 SYSTEMPATH\CodeIgniter.php(361): CodeIgniter\CodeIgniter->handleRequest(null, Object(Config\Cache), false)
 9 FCPATH\index.php(79): CodeIgniter\CodeIgniter->run()
10 SYSTEMPATH\Commands\Server\rewrite.php(47): require_once('C:\\xampp\\htdocs\\sarpras\\public\\index.php')
CRITICAL - 2024-09-19 03:18:02 --> ErrorException: Undefined variable: schools
in APPPATH\Views\detail_school.php on line 62.
 1 APPPATH\Views\detail_school.php(62): CodeIgniter\Debug\Exceptions->errorHandler(8, 'Undefined variable: schools', 'C:\\xampp\\htdocs\\sarpras\\app\\Views\\detail_school.php', 62, [...])
 2 SYSTEMPATH\View\View.php(228): include('C:\\xampp\\htdocs\\sarpras\\app\\Views\\detail_school.php')
 3 SYSTEMPATH\View\View.php(231): CodeIgniter\View\View->CodeIgniter\View\{closure}()
 4 SYSTEMPATH\Common.php(1178): CodeIgniter\View\View->render('detail_school', [], true)
 5 APPPATH\Controllers\HomeController.php(26): view('detail_school', [...])
 6 SYSTEMPATH\CodeIgniter.php(943): App\Controllers\HomeController->detail('48')
 7 SYSTEMPATH\CodeIgniter.php(503): CodeIgniter\CodeIgniter->runController(Object(App\Controllers\HomeController))
 8 SYSTEMPATH\CodeIgniter.php(361): CodeIgniter\CodeIgniter->handleRequest(null, Object(Config\Cache), false)
 9 FCPATH\index.php(79): CodeIgniter\CodeIgniter->run()
10 SYSTEMPATH\Commands\Server\rewrite.php(47): require_once('C:\\xampp\\htdocs\\sarpras\\public\\index.php')
CRITICAL - 2024-09-19 03:18:13 --> ErrorException: Undefined variable: schools
in APPPATH\Views\footer.php on line 67.
 1 APPPATH\Views\footer.php(67): CodeIgniter\Debug\Exceptions->errorHandler(8, 'Undefined variable: schools', 'C:\\xampp\\htdocs\\sarpras\\app\\Views\\footer.php', 67, [...])
 2 SYSTEMPATH\View\View.php(228): include('C:\\xampp\\htdocs\\sarpras\\app\\Views\\footer.php')
 3 SYSTEMPATH\View\View.php(231): CodeIgniter\View\View->CodeIgniter\View\{closure}()
 4 SYSTEMPATH\View\View.php(469): CodeIgniter\View\View->render('footer', null, true)
 5 APPPATH\Views\detail_school.php(62): CodeIgniter\View\View->include('footer')
 6 SYSTEMPATH\View\View.php(228): include('C:\\xampp\\htdocs\\sarpras\\app\\Views\\detail_school.php')
 7 SYSTEMPATH\View\View.php(231): CodeIgniter\View\View->CodeIgniter\View\{closure}()
 8 SYSTEMPATH\Common.php(1178): CodeIgniter\View\View->render('detail_school', [], true)
 9 APPPATH\Controllers\HomeController.php(26): view('detail_school', [...])
10 SYSTEMPATH\CodeIgniter.php(943): App\Controllers\HomeController->detail('48')
11 SYSTEMPATH\CodeIgniter.php(503): CodeIgniter\CodeIgniter->runController(Object(App\Controllers\HomeController))
12 SYSTEMPATH\CodeIgniter.php(361): CodeIgniter\CodeIgniter->handleRequest(null, Object(Config\Cache), false)
13 FCPATH\index.php(79): CodeIgniter\CodeIgniter->run()
14 SYSTEMPATH\Commands\Server\rewrite.php(47): require_once('C:\\xampp\\htdocs\\sarpras\\public\\index.php')
CRITICAL - 2024-09-19 03:18:48 --> ErrorException: Undefined variable: schools
in APPPATH\Views\footer.php on line 67.
 1 APPPATH\Views\footer.php(67): CodeIgniter\Debug\Exceptions->errorHandler(8, 'Undefined variable: schools', 'C:\\xampp\\htdocs\\sarpras\\app\\Views\\footer.php', 67, [...])
 2 SYSTEMPATH\View\View.php(228): include('C:\\xampp\\htdocs\\sarpras\\app\\Views\\footer.php')
 3 SYSTEMPATH\View\View.php(231): CodeIgniter\View\View->CodeIgniter\View\{closure}()
 4 SYSTEMPATH\View\View.php(469): CodeIgniter\View\View->render('footer', null, true)
 5 APPPATH\Views\detail_school.php(62): CodeIgniter\View\View->include('footer')
 6 SYSTEMPATH\View\View.php(228): include('C:\\xampp\\htdocs\\sarpras\\app\\Views\\detail_school.php')
 7 SYSTEMPATH\View\View.php(231): CodeIgniter\View\View->CodeIgniter\View\{closure}()
 8 SYSTEMPATH\Common.php(1178): CodeIgniter\View\View->render('detail_school', [], true)
 9 APPPATH\Controllers\HomeController.php(26): view('detail_school', [...])
10 SYSTEMPATH\CodeIgniter.php(943): App\Controllers\HomeController->detail('48')
11 SYSTEMPATH\CodeIgniter.php(503): CodeIgniter\CodeIgniter->runController(Object(App\Controllers\HomeController))
12 SYSTEMPATH\CodeIgniter.php(361): CodeIgniter\CodeIgniter->handleRequest(null, Object(Config\Cache), false)
13 FCPATH\index.php(79): CodeIgniter\CodeIgniter->run()
14 SYSTEMPATH\Commands\Server\rewrite.php(47): require_once('C:\\xampp\\htdocs\\sarpras\\public\\index.php')
CRITICAL - 2024-09-19 03:18:49 --> ErrorException: Undefined variable: schools
in APPPATH\Views\footer.php on line 67.
 1 APPPATH\Views\footer.php(67): CodeIgniter\Debug\Exceptions->errorHandler(8, 'Undefined variable: schools', 'C:\\xampp\\htdocs\\sarpras\\app\\Views\\footer.php', 67, [...])
 2 SYSTEMPATH\View\View.php(228): include('C:\\xampp\\htdocs\\sarpras\\app\\Views\\footer.php')
 3 SYSTEMPATH\View\View.php(231): CodeIgniter\View\View->CodeIgniter\View\{closure}()
 4 SYSTEMPATH\View\View.php(469): CodeIgniter\View\View->render('footer', null, true)
 5 APPPATH\Views\detail_school.php(62): CodeIgniter\View\View->include('footer')
 6 SYSTEMPATH\View\View.php(228): include('C:\\xampp\\htdocs\\sarpras\\app\\Views\\detail_school.php')
 7 SYSTEMPATH\View\View.php(231): CodeIgniter\View\View->CodeIgniter\View\{closure}()
 8 SYSTEMPATH\Common.php(1178): CodeIgniter\View\View->render('detail_school', [], true)
 9 APPPATH\Controllers\HomeController.php(26): view('detail_school', [...])
10 SYSTEMPATH\CodeIgniter.php(943): App\Controllers\HomeController->detail('48')
11 SYSTEMPATH\CodeIgniter.php(503): CodeIgniter\CodeIgniter->runController(Object(App\Controllers\HomeController))
12 SYSTEMPATH\CodeIgniter.php(361): CodeIgniter\CodeIgniter->handleRequest(null, Object(Config\Cache), false)
13 FCPATH\index.php(79): CodeIgniter\CodeIgniter->run()
14 SYSTEMPATH\Commands\Server\rewrite.php(47): require_once('C:\\xampp\\htdocs\\sarpras\\public\\index.php')
CRITICAL - 2024-09-19 03:18:50 --> ErrorException: Undefined variable: schools
in APPPATH\Views\footer.php on line 67.
 1 APPPATH\Views\footer.php(67): CodeIgniter\Debug\Exceptions->errorHandler(8, 'Undefined variable: schools', 'C:\\xampp\\htdocs\\sarpras\\app\\Views\\footer.php', 67, [...])
 2 SYSTEMPATH\View\View.php(228): include('C:\\xampp\\htdocs\\sarpras\\app\\Views\\footer.php')
 3 SYSTEMPATH\View\View.php(231): CodeIgniter\View\View->CodeIgniter\View\{closure}()
 4 SYSTEMPATH\View\View.php(469): CodeIgniter\View\View->render('footer', null, true)
 5 APPPATH\Views\detail_school.php(62): CodeIgniter\View\View->include('footer')
 6 SYSTEMPATH\View\View.php(228): include('C:\\xampp\\htdocs\\sarpras\\app\\Views\\detail_school.php')
 7 SYSTEMPATH\View\View.php(231): CodeIgniter\View\View->CodeIgniter\View\{closure}()
 8 SYSTEMPATH\Common.php(1178): CodeIgniter\View\View->render('detail_school', [], true)
 9 APPPATH\Controllers\HomeController.php(26): view('detail_school', [...])
10 SYSTEMPATH\CodeIgniter.php(943): App\Controllers\HomeController->detail('48')
11 SYSTEMPATH\CodeIgniter.php(503): CodeIgniter\CodeIgniter->runController(Object(App\Controllers\HomeController))
12 SYSTEMPATH\CodeIgniter.php(361): CodeIgniter\CodeIgniter->handleRequest(null, Object(Config\Cache), false)
13 FCPATH\index.php(79): CodeIgniter\CodeIgniter->run()
14 SYSTEMPATH\Commands\Server\rewrite.php(47): require_once('C:\\xampp\\htdocs\\sarpras\\public\\index.php')
CRITICAL - 2024-09-19 03:18:55 --> ErrorException: Undefined variable: schools
in APPPATH\Views\footer.php on line 67.
 1 APPPATH\Views\footer.php(67): CodeIgniter\Debug\Exceptions->errorHandler(8, 'Undefined variable: schools', 'C:\\xampp\\htdocs\\sarpras\\app\\Views\\footer.php', 67, [...])
 2 SYSTEMPATH\View\View.php(228): include('C:\\xampp\\htdocs\\sarpras\\app\\Views\\footer.php')
 3 SYSTEMPATH\View\View.php(231): CodeIgniter\View\View->CodeIgniter\View\{closure}()
 4 SYSTEMPATH\View\View.php(469): CodeIgniter\View\View->render('footer', null, true)
 5 APPPATH\Views\detail_school.php(62): CodeIgniter\View\View->include('footer')
 6 SYSTEMPATH\View\View.php(228): include('C:\\xampp\\htdocs\\sarpras\\app\\Views\\detail_school.php')
 7 SYSTEMPATH\View\View.php(231): CodeIgniter\View\View->CodeIgniter\View\{closure}()
 8 SYSTEMPATH\Common.php(1178): CodeIgniter\View\View->render('detail_school', [], true)
 9 APPPATH\Controllers\HomeController.php(26): view('detail_school', [...])
10 SYSTEMPATH\CodeIgniter.php(943): App\Controllers\HomeController->detail('58')
11 SYSTEMPATH\CodeIgniter.php(503): CodeIgniter\CodeIgniter->runController(Object(App\Controllers\HomeController))
12 SYSTEMPATH\CodeIgniter.php(361): CodeIgniter\CodeIgniter->handleRequest(null, Object(Config\Cache), false)
13 FCPATH\index.php(79): CodeIgniter\CodeIgniter->run()
14 SYSTEMPATH\Commands\Server\rewrite.php(47): require_once('C:\\xampp\\htdocs\\sarpras\\public\\index.php')
CRITICAL - 2024-09-19 03:20:13 --> ErrorException: Undefined variable: schools
in APPPATH\Views\footer.php on line 67.
 1 APPPATH\Views\footer.php(67): CodeIgniter\Debug\Exceptions->errorHandler(8, 'Undefined variable: schools', 'C:\\xampp\\htdocs\\sarpras\\app\\Views\\footer.php', 67, [...])
 2 SYSTEMPATH\View\View.php(228): include('C:\\xampp\\htdocs\\sarpras\\app\\Views\\footer.php')
 3 SYSTEMPATH\View\View.php(231): CodeIgniter\View\View->CodeIgniter\View\{closure}()
 4 SYSTEMPATH\View\View.php(469): CodeIgniter\View\View->render('footer', null, true)
 5 APPPATH\Views\detail_school.php(62): CodeIgniter\View\View->include('footer')
 6 SYSTEMPATH\View\View.php(228): include('C:\\xampp\\htdocs\\sarpras\\app\\Views\\detail_school.php')
 7 SYSTEMPATH\View\View.php(231): CodeIgniter\View\View->CodeIgniter\View\{closure}()
 8 SYSTEMPATH\Common.php(1178): CodeIgniter\View\View->render('detail_school', [], true)
 9 APPPATH\Controllers\HomeController.php(26): view('detail_school', [...])
10 SYSTEMPATH\CodeIgniter.php(943): App\Controllers\HomeController->detail('58')
11 SYSTEMPATH\CodeIgniter.php(503): CodeIgniter\CodeIgniter->runController(Object(App\Controllers\HomeController))
12 SYSTEMPATH\CodeIgniter.php(361): CodeIgniter\CodeIgniter->handleRequest(null, Object(Config\Cache), false)
13 FCPATH\index.php(79): CodeIgniter\CodeIgniter->run()
14 SYSTEMPATH\Commands\Server\rewrite.php(47): require_once('C:\\xampp\\htdocs\\sarpras\\public\\index.php')
CRITICAL - 2024-09-19 03:22:01 --> ErrorException: Undefined variable: schools
in APPPATH\Views\footer.php on line 67.
 1 APPPATH\Views\footer.php(67): CodeIgniter\Debug\Exceptions->errorHandler(8, 'Undefined variable: schools', 'C:\\xampp\\htdocs\\sarpras\\app\\Views\\footer.php', 67, [...])
 2 SYSTEMPATH\View\View.php(228): include('C:\\xampp\\htdocs\\sarpras\\app\\Views\\footer.php')
 3 SYSTEMPATH\View\View.php(231): CodeIgniter\View\View->CodeIgniter\View\{closure}()
 4 SYSTEMPATH\View\View.php(469): CodeIgniter\View\View->render('footer', null, true)
 5 APPPATH\Views\detail_school.php(62): CodeIgniter\View\View->include('footer')
 6 SYSTEMPATH\View\View.php(228): include('C:\\xampp\\htdocs\\sarpras\\app\\Views\\detail_school.php')
 7 SYSTEMPATH\View\View.php(231): CodeIgniter\View\View->CodeIgniter\View\{closure}()
 8 SYSTEMPATH\Common.php(1178): CodeIgniter\View\View->render('detail_school', [], true)
 9 APPPATH\Controllers\HomeController.php(26): view('detail_school', [...])
10 SYSTEMPATH\CodeIgniter.php(943): App\Controllers\HomeController->detail('58')
11 SYSTEMPATH\CodeIgniter.php(503): CodeIgniter\CodeIgniter->runController(Object(App\Controllers\HomeController))
12 SYSTEMPATH\CodeIgniter.php(361): CodeIgniter\CodeIgniter->handleRequest(null, Object(Config\Cache), false)
13 FCPATH\index.php(79): CodeIgniter\CodeIgniter->run()
14 SYSTEMPATH\Commands\Server\rewrite.php(47): require_once('C:\\xampp\\htdocs\\sarpras\\public\\index.php')
CRITICAL - 2024-09-19 03:24:21 --> ErrorException: Undefined variable: schools
in APPPATH\Views\footer.php on line 67.
 1 APPPATH\Views\footer.php(67): CodeIgniter\Debug\Exceptions->errorHandler(8, 'Undefined variable: schools', 'C:\\xampp\\htdocs\\sarpras\\app\\Views\\footer.php', 67, [...])
 2 SYSTEMPATH\View\View.php(228): include('C:\\xampp\\htdocs\\sarpras\\app\\Views\\footer.php')
 3 SYSTEMPATH\View\View.php(231): CodeIgniter\View\View->CodeIgniter\View\{closure}()
 4 SYSTEMPATH\View\View.php(469): CodeIgniter\View\View->render('footer', null, true)
 5 APPPATH\Views\detail_school.php(62): CodeIgniter\View\View->include('footer')
 6 SYSTEMPATH\View\View.php(228): include('C:\\xampp\\htdocs\\sarpras\\app\\Views\\detail_school.php')
 7 SYSTEMPATH\View\View.php(231): CodeIgniter\View\View->CodeIgniter\View\{closure}()
 8 SYSTEMPATH\Common.php(1178): CodeIgniter\View\View->render('detail_school', [], true)
 9 APPPATH\Controllers\HomeController.php(26): view('detail_school', [...])
10 SYSTEMPATH\CodeIgniter.php(943): App\Controllers\HomeController->detail('58')
11 SYSTEMPATH\CodeIgniter.php(503): CodeIgniter\CodeIgniter->runController(Object(App\Controllers\HomeController))
12 SYSTEMPATH\CodeIgniter.php(361): CodeIgniter\CodeIgniter->handleRequest(null, Object(Config\Cache), false)
13 FCPATH\index.php(79): CodeIgniter\CodeIgniter->run()
14 SYSTEMPATH\Commands\Server\rewrite.php(47): require_once('C:\\xampp\\htdocs\\sarpras\\public\\index.php')
CRITICAL - 2024-09-19 03:24:21 --> ErrorException: Undefined variable: schools
in APPPATH\Views\footer.php on line 67.
 1 APPPATH\Views\footer.php(67): CodeIgniter\Debug\Exceptions->errorHandler(8, 'Undefined variable: schools', 'C:\\xampp\\htdocs\\sarpras\\app\\Views\\footer.php', 67, [...])
 2 SYSTEMPATH\View\View.php(228): include('C:\\xampp\\htdocs\\sarpras\\app\\Views\\footer.php')
 3 SYSTEMPATH\View\View.php(231): CodeIgniter\View\View->CodeIgniter\View\{closure}()
 4 SYSTEMPATH\View\View.php(469): CodeIgniter\View\View->render('footer', null, true)
 5 APPPATH\Views\detail_school.php(62): CodeIgniter\View\View->include('footer')
 6 SYSTEMPATH\View\View.php(228): include('C:\\xampp\\htdocs\\sarpras\\app\\Views\\detail_school.php')
 7 SYSTEMPATH\View\View.php(231): CodeIgniter\View\View->CodeIgniter\View\{closure}()
 8 SYSTEMPATH\Common.php(1178): CodeIgniter\View\View->render('detail_school', [], true)
 9 APPPATH\Controllers\HomeController.php(26): view('detail_school', [...])
10 SYSTEMPATH\CodeIgniter.php(943): App\Controllers\HomeController->detail('58')
11 SYSTEMPATH\CodeIgniter.php(503): CodeIgniter\CodeIgniter->runController(Object(App\Controllers\HomeController))
12 SYSTEMPATH\CodeIgniter.php(361): CodeIgniter\CodeIgniter->handleRequest(null, Object(Config\Cache), false)
13 FCPATH\index.php(79): CodeIgniter\CodeIgniter->run()
14 SYSTEMPATH\Commands\Server\rewrite.php(47): require_once('C:\\xampp\\htdocs\\sarpras\\public\\index.php')
CRITICAL - 2024-09-19 03:30:04 --> ErrorException: Undefined variable: schools
in APPPATH\Views\footer.php on line 67.
 1 APPPATH\Views\footer.php(67): CodeIgniter\Debug\Exceptions->errorHandler(8, 'Undefined variable: schools', 'C:\\xampp\\htdocs\\sarpras\\app\\Views\\footer.php', 67, [...])
 2 SYSTEMPATH\View\View.php(228): include('C:\\xampp\\htdocs\\sarpras\\app\\Views\\footer.php')
 3 SYSTEMPATH\View\View.php(231): CodeIgniter\View\View->CodeIgniter\View\{closure}()
 4 SYSTEMPATH\View\View.php(469): CodeIgniter\View\View->render('footer', null, true)
 5 APPPATH\Views\detail_school.php(81): CodeIgniter\View\View->include('footer')
 6 SYSTEMPATH\View\View.php(228): include('C:\\xampp\\htdocs\\sarpras\\app\\Views\\detail_school.php')
 7 SYSTEMPATH\View\View.php(231): CodeIgniter\View\View->CodeIgniter\View\{closure}()
 8 SYSTEMPATH\Common.php(1178): CodeIgniter\View\View->render('detail_school', [], true)
 9 APPPATH\Controllers\HomeController.php(26): view('detail_school', [...])
10 SYSTEMPATH\CodeIgniter.php(943): App\Controllers\HomeController->detail('52')
11 SYSTEMPATH\CodeIgniter.php(503): CodeIgniter\CodeIgniter->runController(Object(App\Controllers\HomeController))
12 SYSTEMPATH\CodeIgniter.php(361): CodeIgniter\CodeIgniter->handleRequest(null, Object(Config\Cache), false)
13 FCPATH\index.php(79): CodeIgniter\CodeIgniter->run()
14 SYSTEMPATH\Commands\Server\rewrite.php(47): require_once('C:\\xampp\\htdocs\\sarpras\\public\\index.php')
CRITICAL - 2024-09-19 03:37:36 --> ErrorException: Undefined variable: schools
in APPPATH\Views\footer.php on line 67.
 1 APPPATH\Views\footer.php(67): CodeIgniter\Debug\Exceptions->errorHandler(8, 'Undefined variable: schools', 'C:\\xampp\\htdocs\\sarpras\\app\\Views\\footer.php', 67, [...])
 2 SYSTEMPATH\View\View.php(228): include('C:\\xampp\\htdocs\\sarpras\\app\\Views\\footer.php')
 3 SYSTEMPATH\View\View.php(231): CodeIgniter\View\View->CodeIgniter\View\{closure}()
 4 SYSTEMPATH\View\View.php(469): CodeIgniter\View\View->render('footer', null, true)
 5 APPPATH\Views\detail_school.php(94): CodeIgniter\View\View->include('footer')
 6 SYSTEMPATH\View\View.php(228): include('C:\\xampp\\htdocs\\sarpras\\app\\Views\\detail_school.php')
 7 SYSTEMPATH\View\View.php(231): CodeIgniter\View\View->CodeIgniter\View\{closure}()
 8 SYSTEMPATH\Common.php(1178): CodeIgniter\View\View->render('detail_school', [], true)
 9 APPPATH\Controllers\HomeController.php(26): view('detail_school', [...])
10 SYSTEMPATH\CodeIgniter.php(943): App\Controllers\HomeController->detail('47')
11 SYSTEMPATH\CodeIgniter.php(503): CodeIgniter\CodeIgniter->runController(Object(App\Controllers\HomeController))
12 SYSTEMPATH\CodeIgniter.php(361): CodeIgniter\CodeIgniter->handleRequest(null, Object(Config\Cache), false)
13 FCPATH\index.php(79): CodeIgniter\CodeIgniter->run()
14 SYSTEMPATH\Commands\Server\rewrite.php(47): require_once('C:\\xampp\\htdocs\\sarpras\\public\\index.php')
CRITICAL - 2024-09-19 04:04:35 --> ErrorException: Undefined index: kecamatan
in APPPATH\Views\detail_school.php on line 150.
 1 APPPATH\Views\detail_school.php(150): CodeIgniter\Debug\Exceptions->errorHandler(8, 'Undefined index: kecamatan', 'C:\\xampp\\htdocs\\sarpras\\app\\Views\\detail_school.php', 150, [...])
 2 SYSTEMPATH\View\View.php(228): include('C:\\xampp\\htdocs\\sarpras\\app\\Views\\detail_school.php')
 3 SYSTEMPATH\View\View.php(231): CodeIgniter\View\View->CodeIgniter\View\{closure}()
 4 SYSTEMPATH\Common.php(1178): CodeIgniter\View\View->render('detail_school', [], true)
 5 APPPATH\Controllers\HomeController.php(26): view('detail_school', [...])
 6 SYSTEMPATH\CodeIgniter.php(943): App\Controllers\HomeController->detail('66')
 7 SYSTEMPATH\CodeIgniter.php(503): CodeIgniter\CodeIgniter->runController(Object(App\Controllers\HomeController))
 8 SYSTEMPATH\CodeIgniter.php(361): CodeIgniter\CodeIgniter->handleRequest(null, Object(Config\Cache), false)
 9 FCPATH\index.php(79): CodeIgniter\CodeIgniter->run()
10 SYSTEMPATH\Commands\Server\rewrite.php(47): require_once('C:\\xampp\\htdocs\\sarpras\\public\\index.php')
CRITICAL - 2024-09-19 04:04:54 --> ErrorException: Undefined index: desa
in APPPATH\Views\detail_school.php on line 154.
 1 APPPATH\Views\detail_school.php(154): CodeIgniter\Debug\Exceptions->errorHandler(8, 'Undefined index: desa', 'C:\\xampp\\htdocs\\sarpras\\app\\Views\\detail_school.php', 154, [...])
 2 SYSTEMPATH\View\View.php(228): include('C:\\xampp\\htdocs\\sarpras\\app\\Views\\detail_school.php')
 3 SYSTEMPATH\View\View.php(231): CodeIgniter\View\View->CodeIgniter\View\{closure}()
 4 SYSTEMPATH\Common.php(1178): CodeIgniter\View\View->render('detail_school', [], true)
 5 APPPATH\Controllers\HomeController.php(26): view('detail_school', [...])
 6 SYSTEMPATH\CodeIgniter.php(943): App\Controllers\HomeController->detail('66')
 7 SYSTEMPATH\CodeIgniter.php(503): CodeIgniter\CodeIgniter->runController(Object(App\Controllers\HomeController))
 8 SYSTEMPATH\CodeIgniter.php(361): CodeIgniter\CodeIgniter->handleRequest(null, Object(Config\Cache), false)
 9 FCPATH\index.php(79): CodeIgniter\CodeIgniter->run()
10 SYSTEMPATH\Commands\Server\rewrite.php(47): require_once('C:\\xampp\\htdocs\\sarpras\\public\\index.php')
CRITICAL - 2024-09-19 04:06:02 --> ErrorException: Undefined index: luas_bangunan
in APPPATH\Views\detail_school.php on line 154.
 1 APPPATH\Views\detail_school.php(154): CodeIgniter\Debug\Exceptions->errorHandler(8, 'Undefined index: luas_bangunan', 'C:\\xampp\\htdocs\\sarpras\\app\\Views\\detail_school.php', 154, [...])
 2 SYSTEMPATH\View\View.php(228): include('C:\\xampp\\htdocs\\sarpras\\app\\Views\\detail_school.php')
 3 SYSTEMPATH\View\View.php(231): CodeIgniter\View\View->CodeIgniter\View\{closure}()
 4 SYSTEMPATH\Common.php(1178): CodeIgniter\View\View->render('detail_school', [], true)
 5 APPPATH\Controllers\HomeController.php(26): view('detail_school', [...])
 6 SYSTEMPATH\CodeIgniter.php(943): App\Controllers\HomeController->detail('66')
 7 SYSTEMPATH\CodeIgniter.php(503): CodeIgniter\CodeIgniter->runController(Object(App\Controllers\HomeController))
 8 SYSTEMPATH\CodeIgniter.php(361): CodeIgniter\CodeIgniter->handleRequest(null, Object(Config\Cache), false)
 9 FCPATH\index.php(79): CodeIgniter\CodeIgniter->run()
10 SYSTEMPATH\Commands\Server\rewrite.php(47): require_once('C:\\xampp\\htdocs\\sarpras\\public\\index.php')
CRITICAL - 2024-09-19 04:06:11 --> ErrorException: Undefined index: luas_bangunan
in APPPATH\Views\detail_school.php on line 154.
 1 APPPATH\Views\detail_school.php(154): CodeIgniter\Debug\Exceptions->errorHandler(8, 'Undefined index: luas_bangunan', 'C:\\xampp\\htdocs\\sarpras\\app\\Views\\detail_school.php', 154, [...])
 2 SYSTEMPATH\View\View.php(228): include('C:\\xampp\\htdocs\\sarpras\\app\\Views\\detail_school.php')
 3 SYSTEMPATH\View\View.php(231): CodeIgniter\View\View->CodeIgniter\View\{closure}()
 4 SYSTEMPATH\Common.php(1178): CodeIgniter\View\View->render('detail_school', [], true)
 5 APPPATH\Controllers\HomeController.php(26): view('detail_school', [...])
 6 SYSTEMPATH\CodeIgniter.php(943): App\Controllers\HomeController->detail('66')
 7 SYSTEMPATH\CodeIgniter.php(503): CodeIgniter\CodeIgniter->runController(Object(App\Controllers\HomeController))
 8 SYSTEMPATH\CodeIgniter.php(361): CodeIgniter\CodeIgniter->handleRequest(null, Object(Config\Cache), false)
 9 FCPATH\index.php(79): CodeIgniter\CodeIgniter->run()
10 SYSTEMPATH\Commands\Server\rewrite.php(47): require_once('C:\\xampp\\htdocs\\sarpras\\public\\index.php')
CRITICAL - 2024-09-19 04:19:43 --> ErrorException: Undefined variable: schools
in APPPATH\Views\detail_school.php on line 161.
 1 APPPATH\Views\detail_school.php(161): CodeIgniter\Debug\Exceptions->errorHandler(8, 'Undefined variable: schools', 'C:\\xampp\\htdocs\\sarpras\\app\\Views\\detail_school.php', 161, [...])
 2 SYSTEMPATH\View\View.php(228): include('C:\\xampp\\htdocs\\sarpras\\app\\Views\\detail_school.php')
 3 SYSTEMPATH\View\View.php(231): CodeIgniter\View\View->CodeIgniter\View\{closure}()
 4 SYSTEMPATH\Common.php(1178): CodeIgniter\View\View->render('detail_school', [], true)
 5 APPPATH\Controllers\HomeController.php(26): view('detail_school', [...])
 6 SYSTEMPATH\CodeIgniter.php(943): App\Controllers\HomeController->detail('53')
 7 SYSTEMPATH\CodeIgniter.php(503): CodeIgniter\CodeIgniter->runController(Object(App\Controllers\HomeController))
 8 SYSTEMPATH\CodeIgniter.php(361): CodeIgniter\CodeIgniter->handleRequest(null, Object(Config\Cache), false)
 9 FCPATH\index.php(79): CodeIgniter\CodeIgniter->run()
10 SYSTEMPATH\Commands\Server\rewrite.php(47): require_once('C:\\xampp\\htdocs\\sarpras\\public\\index.php')
CRITICAL - 2024-09-19 04:24:18 --> CodeIgniter\HTTP\Exceptions\BadRequestException: The URI you submitted has disallowed characters: "${school.foto}"
in SYSTEMPATH\Router\Router.php on line 704.
 1 SYSTEMPATH\Router\Router.php(195): CodeIgniter\Router\Router->checkDisallowedChars('detail/assets/uploads/schools/${school.foto}')
 2 SYSTEMPATH\CodeIgniter.php(825): CodeIgniter\Router\Router->handle('detail/assets/uploads/schools/${school.foto}')
 3 SYSTEMPATH\CodeIgniter.php(450): CodeIgniter\CodeIgniter->tryToRouteIt(Object(CodeIgniter\Router\RouteCollection))
 4 SYSTEMPATH\CodeIgniter.php(361): CodeIgniter\CodeIgniter->handleRequest(null, Object(Config\Cache), false)
 5 FCPATH\index.php(79): CodeIgniter\CodeIgniter->run()
 6 SYSTEMPATH\Commands\Server\rewrite.php(47): require_once('C:\\xampp\\htdocs\\sarpras\\public\\index.php')
CRITICAL - 2024-09-19 05:09:49 --> ErrorException: Undefined index: nama_ruangan
in APPPATH\Views\detail_rkb.php on line 192.
 1 APPPATH\Views\detail_rkb.php(192): CodeIgniter\Debug\Exceptions->errorHandler(8, 'Undefined index: nama_ruangan', 'C:\\xampp\\htdocs\\sarpras\\app\\Views\\detail_rkb.php', 192, [...])
 2 SYSTEMPATH\View\View.php(228): include('C:\\xampp\\htdocs\\sarpras\\app\\Views\\detail_rkb.php')
 3 SYSTEMPATH\View\View.php(231): CodeIgniter\View\View->CodeIgniter\View\{closure}()
 4 SYSTEMPATH\Common.php(1178): CodeIgniter\View\View->render('detail_rkb', [], true)
 5 APPPATH\Controllers\HomeController.php(40): view('detail_rkb', [...])
 6 SYSTEMPATH\CodeIgniter.php(943): App\Controllers\HomeController->detail_rkb('47')
 7 SYSTEMPATH\CodeIgniter.php(503): CodeIgniter\CodeIgniter->runController(Object(App\Controllers\HomeController))
 8 SYSTEMPATH\CodeIgniter.php(361): CodeIgniter\CodeIgniter->handleRequest(null, Object(Config\Cache), false)
 9 FCPATH\index.php(79): CodeIgniter\CodeIgniter->run()
10 SYSTEMPATH\Commands\Server\rewrite.php(47): require_once('C:\\xampp\\htdocs\\sarpras\\public\\index.php')
CRITICAL - 2024-09-19 05:13:30 --> ErrorException: Undefined variable: data_sarana
in APPPATH\Views\detail_rkb.php on line 156.
 1 APPPATH\Views\detail_rkb.php(156): CodeIgniter\Debug\Exceptions->errorHandler(8, 'Undefined variable: data_sarana', 'C:\\xampp\\htdocs\\sarpras\\app\\Views\\detail_rkb.php', 156, [...])
 2 SYSTEMPATH\View\View.php(228): include('C:\\xampp\\htdocs\\sarpras\\app\\Views\\detail_rkb.php')
 3 SYSTEMPATH\View\View.php(231): CodeIgniter\View\View->CodeIgniter\View\{closure}()
 4 SYSTEMPATH\Common.php(1178): CodeIgniter\View\View->render('detail_rkb', [], true)
 5 APPPATH\Controllers\HomeController.php(32): view('detail_rkb', [...])
 6 SYSTEMPATH\CodeIgniter.php(943): App\Controllers\HomeController->detail_rkb('47')
 7 SYSTEMPATH\CodeIgniter.php(503): CodeIgniter\CodeIgniter->runController(Object(App\Controllers\HomeController))
 8 SYSTEMPATH\CodeIgniter.php(361): CodeIgniter\CodeIgniter->handleRequest(null, Object(Config\Cache), false)
 9 FCPATH\index.php(79): CodeIgniter\CodeIgniter->run()
10 SYSTEMPATH\Commands\Server\rewrite.php(47): require_once('C:\\xampp\\htdocs\\sarpras\\public\\index.php')
CRITICAL - 2024-09-19 05:30:17 --> ErrorException: Undefined variable: data_rkb
in APPPATH\Views\detail_rkb.php on line 133.
 1 APPPATH\Views\detail_rkb.php(133): CodeIgniter\Debug\Exceptions->errorHandler(8, 'Undefined variable: data_rkb', 'C:\\xampp\\htdocs\\sarpras\\app\\Views\\detail_rkb.php', 133, [...])
 2 SYSTEMPATH\View\View.php(228): include('C:\\xampp\\htdocs\\sarpras\\app\\Views\\detail_rkb.php')
 3 SYSTEMPATH\View\View.php(231): CodeIgniter\View\View->CodeIgniter\View\{closure}()
 4 SYSTEMPATH\Common.php(1178): CodeIgniter\View\View->render('detail_rkb', [], true)
 5 APPPATH\Controllers\HomeController.php(64): view('detail_rkb', [...])
 6 SYSTEMPATH\CodeIgniter.php(943): App\Controllers\HomeController->detail_rkb('47')
 7 SYSTEMPATH\CodeIgniter.php(503): CodeIgniter\CodeIgniter->runController(Object(App\Controllers\HomeController))
 8 SYSTEMPATH\CodeIgniter.php(361): CodeIgniter\CodeIgniter->handleRequest(null, Object(Config\Cache), false)
 9 FCPATH\index.php(79): CodeIgniter\CodeIgniter->run()
10 SYSTEMPATH\Commands\Server\rewrite.php(47): require_once('C:\\xampp\\htdocs\\sarpras\\public\\index.php')
ERROR - 2024-09-19 09:52:55 --> mysqli_sql_exception: Column 'school_id' cannot be null in C:\xampp\htdocs\sarpras\vendor\codeigniter4\framework\system\Database\MySQLi\Connection.php:306
Stack trace:
#0 C:\xampp\htdocs\sarpras\vendor\codeigniter4\framework\system\Database\MySQLi\Connection.php(306): mysqli->query('INSERT INTO `da...', 0)
#1 C:\xampp\htdocs\sarpras\vendor\codeigniter4\framework\system\Database\BaseConnection.php(693): CodeIgniter\Database\MySQLi\Connection->execute('INSERT INTO `da...')
#2 C:\xampp\htdocs\sarpras\vendor\codeigniter4\framework\system\Database\BaseConnection.php(607): CodeIgniter\Database\BaseConnection->simpleQuery('INSERT INTO `da...')
#3 C:\xampp\htdocs\sarpras\vendor\codeigniter4\framework\system\Database\BaseBuilder.php(2307): CodeIgniter\Database\BaseConnection->query('INSERT INTO `da...', Array, false)
#4 C:\xampp\htdocs\sarpras\vendor\codeigniter4\framework\system\Model.php(327): CodeIgniter\Database\BaseBuilder->insert()
#5 C:\xampp\htdocs\sarpras\vendor\codeigniter4\framework\system\BaseModel.php(805): CodeIgniter\Model->doInsert(Array)
#6 C:\xampp\htdocs\sarpras\vendor\codeigniter4\framework\system\Model.php(749): CodeIgniter\BaseModel->insert(Array, true)
#7 C:\xampp\htdocs\sarpras\app\Controllers\DataAsetController.php(77): CodeIgniter\Model->insert(Array)
#8 C:\xampp\htdocs\sarpras\vendor\codeigniter4\framework\system\CodeIgniter.php(943): App\Controllers\DataAsetController->store()
#9 C:\xampp\htdocs\sarpras\vendor\codeigniter4\framework\system\CodeIgniter.php(503): CodeIgniter\CodeIgniter->runController(Object(App\Controllers\DataAsetController))
#10 C:\xampp\htdocs\sarpras\vendor\codeigniter4\framework\system\CodeIgniter.php(361): CodeIgniter\CodeIgniter->handleRequest(NULL, Object(Config\Cache), false)
#11 C:\xampp\htdocs\sarpras\public\index.php(79): CodeIgniter\CodeIgniter->run()
#12 C:\xampp\htdocs\sarpras\vendor\codeigniter4\framework\system\Commands\Server\rewrite.php(47): require_once('C:\\xampp\\htdocs...')
#13 {main}
CRITICAL - 2024-09-19 09:52:55 --> CodeIgniter\Database\Exceptions\DatabaseException: Column 'school_id' cannot be null
in SYSTEMPATH\Database\BaseConnection.php on line 647.
 1 SYSTEMPATH\Database\BaseBuilder.php(2307): CodeIgniter\Database\BaseConnection->query('INSERT INTO `data_aset` (`school_id`, `kode_inventaris`, `nama_aset`, `tanggal_aset`, `masa_garansi`, `harga_aset`, `kondisi`, `nomor_seri`, `catatan`, `bukti_gambar`, `kategori_aset_id`, `kategori_data_id`, `anggaran_id`, `ruangan_id`) VALUES (:school_id:, :kode_inventaris:, :nama_aset:, :tanggal_aset:, :masa_garansi:, :harga_aset:, :kondisi:, :nomor_seri:, :catatan:, :bukti_gambar:, :kategori_aset_id:, :kategori_data_id:, :anggaran_id:, :ruangan_id:)', [...], false)
 2 SYSTEMPATH\Model.php(327): CodeIgniter\Database\BaseBuilder->insert()
 3 SYSTEMPATH\BaseModel.php(805): CodeIgniter\Model->doInsert([...])
 4 SYSTEMPATH\Model.php(749): CodeIgniter\BaseModel->insert([...], true)
 5 APPPATH\Controllers\DataAsetController.php(77): CodeIgniter\Model->insert([...])
 6 SYSTEMPATH\CodeIgniter.php(943): App\Controllers\DataAsetController->store()
 7 SYSTEMPATH\CodeIgniter.php(503): CodeIgniter\CodeIgniter->runController(Object(App\Controllers\DataAsetController))
 8 SYSTEMPATH\CodeIgniter.php(361): CodeIgniter\CodeIgniter->handleRequest(null, Object(Config\Cache), false)
 9 FCPATH\index.php(79): CodeIgniter\CodeIgniter->run()
10 SYSTEMPATH\Commands\Server\rewrite.php(47): require_once('C:\\xampp\\htdocs\\sarpras\\public\\index.php')
CRITICAL - 2024-09-19 09:52:55 --> [Caused by] CodeIgniter\Database\Exceptions\DatabaseException: Column 'school_id' cannot be null
in SYSTEMPATH\Database\MySQLi\Connection.php on line 311.
 1 SYSTEMPATH\Database\BaseConnection.php(693): CodeIgniter\Database\MySQLi\Connection->execute('INSERT INTO `data_aset` (`school_id`, `kode_inventaris`, `nama_aset`, `tanggal_aset`, `masa_garansi`, `harga_aset`, `kondisi`, `nomor_seri`, `catatan`, `bukti_gambar`, `kategori_aset_id`, `kategori_data_id`, `anggaran_id`, `ruangan_id`) VALUES (NULL, \'12312311\', \'test2\', \'2024-09-19\', \'1\', \'1000000\', \'perlu perbaikan\', \'12312311\', \'test\', \'C:\\\\xampp\\\\tmp\\\\php194B.tmp\', \'3\', \'1\', \'1\', \'2\')')
 2 SYSTEMPATH\Database\BaseConnection.php(607): CodeIgniter\Database\BaseConnection->simpleQuery('INSERT INTO `data_aset` (`school_id`, `kode_inventaris`, `nama_aset`, `tanggal_aset`, `masa_garansi`, `harga_aset`, `kondisi`, `nomor_seri`, `catatan`, `bukti_gambar`, `kategori_aset_id`, `kategori_data_id`, `anggaran_id`, `ruangan_id`) VALUES (NULL, \'12312311\', \'test2\', \'2024-09-19\', \'1\', \'1000000\', \'perlu perbaikan\', \'12312311\', \'test\', \'C:\\\\xampp\\\\tmp\\\\php194B.tmp\', \'3\', \'1\', \'1\', \'2\')')
 3 SYSTEMPATH\Database\BaseBuilder.php(2307): CodeIgniter\Database\BaseConnection->query('INSERT INTO `data_aset` (`school_id`, `kode_inventaris`, `nama_aset`, `tanggal_aset`, `masa_garansi`, `harga_aset`, `kondisi`, `nomor_seri`, `catatan`, `bukti_gambar`, `kategori_aset_id`, `kategori_data_id`, `anggaran_id`, `ruangan_id`) VALUES (:school_id:, :kode_inventaris:, :nama_aset:, :tanggal_aset:, :masa_garansi:, :harga_aset:, :kondisi:, :nomor_seri:, :catatan:, :bukti_gambar:, :kategori_aset_id:, :kategori_data_id:, :anggaran_id:, :ruangan_id:)', [...], false)
 4 SYSTEMPATH\Model.php(327): CodeIgniter\Database\BaseBuilder->insert()
 5 SYSTEMPATH\BaseModel.php(805): CodeIgniter\Model->doInsert([...])
 6 SYSTEMPATH\Model.php(749): CodeIgniter\BaseModel->insert([...], true)
 7 APPPATH\Controllers\DataAsetController.php(77): CodeIgniter\Model->insert([...])
 8 SYSTEMPATH\CodeIgniter.php(943): App\Controllers\DataAsetController->store()
 9 SYSTEMPATH\CodeIgniter.php(503): CodeIgniter\CodeIgniter->runController(Object(App\Controllers\DataAsetController))
10 SYSTEMPATH\CodeIgniter.php(361): CodeIgniter\CodeIgniter->handleRequest(null, Object(Config\Cache), false)
11 FCPATH\index.php(79): CodeIgniter\CodeIgniter->run()
12 SYSTEMPATH\Commands\Server\rewrite.php(47): require_once('C:\\xampp\\htdocs\\sarpras\\public\\index.php')
CRITICAL - 2024-09-19 09:52:55 --> [Caused by] mysqli_sql_exception: Column 'school_id' cannot be null
in SYSTEMPATH\Database\MySQLi\Connection.php on line 306.
 1 SYSTEMPATH\Database\MySQLi\Connection.php(306): mysqli->query('INSERT INTO `data_aset` (`school_id`, `kode_inventaris`, `nama_aset`, `tanggal_aset`, `masa_garansi`, `harga_aset`, `kondisi`, `nomor_seri`, `catatan`, `bukti_gambar`, `kategori_aset_id`, `kategori_data_id`, `anggaran_id`, `ruangan_id`) VALUES (NULL, \'12312311\', \'test2\', \'2024-09-19\', \'1\', \'1000000\', \'perlu perbaikan\', \'12312311\', \'test\', \'C:\\\\xampp\\\\tmp\\\\php194B.tmp\', \'3\', \'1\', \'1\', \'2\')', 0)
 2 SYSTEMPATH\Database\BaseConnection.php(693): CodeIgniter\Database\MySQLi\Connection->execute('INSERT INTO `data_aset` (`school_id`, `kode_inventaris`, `nama_aset`, `tanggal_aset`, `masa_garansi`, `harga_aset`, `kondisi`, `nomor_seri`, `catatan`, `bukti_gambar`, `kategori_aset_id`, `kategori_data_id`, `anggaran_id`, `ruangan_id`) VALUES (NULL, \'12312311\', \'test2\', \'2024-09-19\', \'1\', \'1000000\', \'perlu perbaikan\', \'12312311\', \'test\', \'C:\\\\xampp\\\\tmp\\\\php194B.tmp\', \'3\', \'1\', \'1\', \'2\')')
 3 SYSTEMPATH\Database\BaseConnection.php(607): CodeIgniter\Database\BaseConnection->simpleQuery('INSERT INTO `data_aset` (`school_id`, `kode_inventaris`, `nama_aset`, `tanggal_aset`, `masa_garansi`, `harga_aset`, `kondisi`, `nomor_seri`, `catatan`, `bukti_gambar`, `kategori_aset_id`, `kategori_data_id`, `anggaran_id`, `ruangan_id`) VALUES (NULL, \'12312311\', \'test2\', \'2024-09-19\', \'1\', \'1000000\', \'perlu perbaikan\', \'12312311\', \'test\', \'C:\\\\xampp\\\\tmp\\\\php194B.tmp\', \'3\', \'1\', \'1\', \'2\')')
 4 SYSTEMPATH\Database\BaseBuilder.php(2307): CodeIgniter\Database\BaseConnection->query('INSERT INTO `data_aset` (`school_id`, `kode_inventaris`, `nama_aset`, `tanggal_aset`, `masa_garansi`, `harga_aset`, `kondisi`, `nomor_seri`, `catatan`, `bukti_gambar`, `kategori_aset_id`, `kategori_data_id`, `anggaran_id`, `ruangan_id`) VALUES (:school_id:, :kode_inventaris:, :nama_aset:, :tanggal_aset:, :masa_garansi:, :harga_aset:, :kondisi:, :nomor_seri:, :catatan:, :bukti_gambar:, :kategori_aset_id:, :kategori_data_id:, :anggaran_id:, :ruangan_id:)', [...], false)
 5 SYSTEMPATH\Model.php(327): CodeIgniter\Database\BaseBuilder->insert()
 6 SYSTEMPATH\BaseModel.php(805): CodeIgniter\Model->doInsert([...])
 7 SYSTEMPATH\Model.php(749): CodeIgniter\BaseModel->insert([...], true)
 8 APPPATH\Controllers\DataAsetController.php(77): CodeIgniter\Model->insert([...])
 9 SYSTEMPATH\CodeIgniter.php(943): App\Controllers\DataAsetController->store()
10 SYSTEMPATH\CodeIgniter.php(503): CodeIgniter\CodeIgniter->runController(Object(App\Controllers\DataAsetController))
11 SYSTEMPATH\CodeIgniter.php(361): CodeIgniter\CodeIgniter->handleRequest(null, Object(Config\Cache), false)
12 FCPATH\index.php(79): CodeIgniter\CodeIgniter->run()
13 SYSTEMPATH\Commands\Server\rewrite.php(47): require_once('C:\\xampp\\htdocs\\sarpras\\public\\index.php')
