ERROR - 2024-10-22 06:52:03 --> mysqli_sql_exception: Column 'school_id' cannot be null in C:\xampp\htdocs\sarpras\vendor\codeigniter4\framework\system\Database\MySQLi\Connection.php:306
Stack trace:
#0 C:\xampp\htdocs\sarpras\vendor\codeigniter4\framework\system\Database\MySQLi\Connection.php(306): mysqli->query('INSERT INTO `da...', 0)
#1 C:\xampp\htdocs\sarpras\vendor\codeigniter4\framework\system\Database\BaseConnection.php(693): CodeIgniter\Database\MySQLi\Connection->execute('INSERT INTO `da...')
#2 C:\xampp\htdocs\sarpras\vendor\codeigniter4\framework\system\Database\BaseConnection.php(607): CodeIgniter\Database\BaseConnection->simpleQuery('INSERT INTO `da...')
#3 C:\xampp\htdocs\sarpras\vendor\codeigniter4\framework\system\Database\BaseBuilder.php(2307): CodeIgniter\Database\BaseConnection->query('INSERT INTO `da...', Array, false)
#4 C:\xampp\htdocs\sarpras\vendor\codeigniter4\framework\system\Model.php(327): CodeIgniter\Database\BaseBuilder->insert()
#5 C:\xampp\htdocs\sarpras\vendor\codeigniter4\framework\system\BaseModel.php(805): CodeIgniter\Model->doInsert(Array)
#6 C:\xampp\htdocs\sarpras\vendor\codeigniter4\framework\system\Model.php(749): CodeIgniter\BaseModel->insert(Array, true)
#7 C:\xampp\htdocs\sarpras\app\Controllers\DataAsetController.php(94): CodeIgniter\Model->insert(Array)
#8 C:\xampp\htdocs\sarpras\vendor\codeigniter4\framework\system\CodeIgniter.php(943): App\Controllers\DataAsetController->store()
#9 C:\xampp\htdocs\sarpras\vendor\codeigniter4\framework\system\CodeIgniter.php(503): CodeIgniter\CodeIgniter->runController(Object(App\Controllers\DataAsetController))
#10 C:\xampp\htdocs\sarpras\vendor\codeigniter4\framework\system\CodeIgniter.php(361): CodeIgniter\CodeIgniter->handleRequest(NULL, Object(Config\Cache), false)
#11 C:\xampp\htdocs\sarpras\public\index.php(79): CodeIgniter\CodeIgniter->run()
#12 C:\xampp\htdocs\sarpras\vendor\codeigniter4\framework\system\Commands\Server\rewrite.php(47): require_once('C:\\xampp\\htdocs...')
#13 {main}
CRITICAL - 2024-10-22 06:52:03 --> CodeIgniter\Database\Exceptions\DatabaseException: Column 'school_id' cannot be null
in SYSTEMPATH\Database\BaseConnection.php on line 647.
 1 SYSTEMPATH\Database\BaseBuilder.php(2307): CodeIgniter\Database\BaseConnection->query('INSERT INTO `data_aset` (`school_id`, `kode_inventaris`, `nama_aset`, `tanggal_aset`, `masa_garansi`, `harga_aset`, `kondisi`, `nomor_seri`, `catatan`, `kategori_aset_id`, `kategori_data_id`, `anggaran_id`, `ruangan_id`, `bukti_gambar`) VALUES (:school_id:, :kode_inventaris:, :nama_aset:, :tanggal_aset:, :masa_garansi:, :harga_aset:, :kondisi:, :nomor_seri:, :catatan:, :kategori_aset_id:, :kategori_data_id:, :anggaran_id:, :ruangan_id:, :bukti_gambar:)', [...], false)
 2 SYSTEMPATH\Model.php(327): CodeIgniter\Database\BaseBuilder->insert()
 3 SYSTEMPATH\BaseModel.php(805): CodeIgniter\Model->doInsert([...])
 4 SYSTEMPATH\Model.php(749): CodeIgniter\BaseModel->insert([...], true)
 5 APPPATH\Controllers\DataAsetController.php(94): CodeIgniter\Model->insert([...])
 6 SYSTEMPATH\CodeIgniter.php(943): App\Controllers\DataAsetController->store()
 7 SYSTEMPATH\CodeIgniter.php(503): CodeIgniter\CodeIgniter->runController(Object(App\Controllers\DataAsetController))
 8 SYSTEMPATH\CodeIgniter.php(361): CodeIgniter\CodeIgniter->handleRequest(null, Object(Config\Cache), false)
 9 FCPATH\index.php(79): CodeIgniter\CodeIgniter->run()
10 SYSTEMPATH\Commands\Server\rewrite.php(47): require_once('C:\\xampp\\htdocs\\sarpras\\public\\index.php')
CRITICAL - 2024-10-22 06:52:03 --> [Caused by] CodeIgniter\Database\Exceptions\DatabaseException: Column 'school_id' cannot be null
in SYSTEMPATH\Database\MySQLi\Connection.php on line 311.
 1 SYSTEMPATH\Database\BaseConnection.php(693): CodeIgniter\Database\MySQLi\Connection->execute('INSERT INTO `data_aset` (`school_id`, `kode_inventaris`, `nama_aset`, `tanggal_aset`, `masa_garansi`, `harga_aset`, `kondisi`, `nomor_seri`, `catatan`, `kategori_aset_id`, `kategori_data_id`, `anggaran_id`, `ruangan_id`, `bukti_gambar`) VALUES (NULL, \'test\', \'test\', \'2024-10-22\', \'2\', \'1241352451\', \'baik\', \'test\', \'test\', \'4\', \'2\', \'2\', \'8\', \'1729554723_c563fcd42b439483cb86.jpg\')')
 2 SYSTEMPATH\Database\BaseConnection.php(607): CodeIgniter\Database\BaseConnection->simpleQuery('INSERT INTO `data_aset` (`school_id`, `kode_inventaris`, `nama_aset`, `tanggal_aset`, `masa_garansi`, `harga_aset`, `kondisi`, `nomor_seri`, `catatan`, `kategori_aset_id`, `kategori_data_id`, `anggaran_id`, `ruangan_id`, `bukti_gambar`) VALUES (NULL, \'test\', \'test\', \'2024-10-22\', \'2\', \'1241352451\', \'baik\', \'test\', \'test\', \'4\', \'2\', \'2\', \'8\', \'1729554723_c563fcd42b439483cb86.jpg\')')
 3 SYSTEMPATH\Database\BaseBuilder.php(2307): CodeIgniter\Database\BaseConnection->query('INSERT INTO `data_aset` (`school_id`, `kode_inventaris`, `nama_aset`, `tanggal_aset`, `masa_garansi`, `harga_aset`, `kondisi`, `nomor_seri`, `catatan`, `kategori_aset_id`, `kategori_data_id`, `anggaran_id`, `ruangan_id`, `bukti_gambar`) VALUES (:school_id:, :kode_inventaris:, :nama_aset:, :tanggal_aset:, :masa_garansi:, :harga_aset:, :kondisi:, :nomor_seri:, :catatan:, :kategori_aset_id:, :kategori_data_id:, :anggaran_id:, :ruangan_id:, :bukti_gambar:)', [...], false)
 4 SYSTEMPATH\Model.php(327): CodeIgniter\Database\BaseBuilder->insert()
 5 SYSTEMPATH\BaseModel.php(805): CodeIgniter\Model->doInsert([...])
 6 SYSTEMPATH\Model.php(749): CodeIgniter\BaseModel->insert([...], true)
 7 APPPATH\Controllers\DataAsetController.php(94): CodeIgniter\Model->insert([...])
 8 SYSTEMPATH\CodeIgniter.php(943): App\Controllers\DataAsetController->store()
 9 SYSTEMPATH\CodeIgniter.php(503): CodeIgniter\CodeIgniter->runController(Object(App\Controllers\DataAsetController))
10 SYSTEMPATH\CodeIgniter.php(361): CodeIgniter\CodeIgniter->handleRequest(null, Object(Config\Cache), false)
11 FCPATH\index.php(79): CodeIgniter\CodeIgniter->run()
12 SYSTEMPATH\Commands\Server\rewrite.php(47): require_once('C:\\xampp\\htdocs\\sarpras\\public\\index.php')
CRITICAL - 2024-10-22 06:52:03 --> [Caused by] mysqli_sql_exception: Column 'school_id' cannot be null
in SYSTEMPATH\Database\MySQLi\Connection.php on line 306.
 1 SYSTEMPATH\Database\MySQLi\Connection.php(306): mysqli->query('INSERT INTO `data_aset` (`school_id`, `kode_inventaris`, `nama_aset`, `tanggal_aset`, `masa_garansi`, `harga_aset`, `kondisi`, `nomor_seri`, `catatan`, `kategori_aset_id`, `kategori_data_id`, `anggaran_id`, `ruangan_id`, `bukti_gambar`) VALUES (NULL, \'test\', \'test\', \'2024-10-22\', \'2\', \'1241352451\', \'baik\', \'test\', \'test\', \'4\', \'2\', \'2\', \'8\', \'1729554723_c563fcd42b439483cb86.jpg\')', 0)
 2 SYSTEMPATH\Database\BaseConnection.php(693): CodeIgniter\Database\MySQLi\Connection->execute('INSERT INTO `data_aset` (`school_id`, `kode_inventaris`, `nama_aset`, `tanggal_aset`, `masa_garansi`, `harga_aset`, `kondisi`, `nomor_seri`, `catatan`, `kategori_aset_id`, `kategori_data_id`, `anggaran_id`, `ruangan_id`, `bukti_gambar`) VALUES (NULL, \'test\', \'test\', \'2024-10-22\', \'2\', \'1241352451\', \'baik\', \'test\', \'test\', \'4\', \'2\', \'2\', \'8\', \'1729554723_c563fcd42b439483cb86.jpg\')')
 3 SYSTEMPATH\Database\BaseConnection.php(607): CodeIgniter\Database\BaseConnection->simpleQuery('INSERT INTO `data_aset` (`school_id`, `kode_inventaris`, `nama_aset`, `tanggal_aset`, `masa_garansi`, `harga_aset`, `kondisi`, `nomor_seri`, `catatan`, `kategori_aset_id`, `kategori_data_id`, `anggaran_id`, `ruangan_id`, `bukti_gambar`) VALUES (NULL, \'test\', \'test\', \'2024-10-22\', \'2\', \'1241352451\', \'baik\', \'test\', \'test\', \'4\', \'2\', \'2\', \'8\', \'1729554723_c563fcd42b439483cb86.jpg\')')
 4 SYSTEMPATH\Database\BaseBuilder.php(2307): CodeIgniter\Database\BaseConnection->query('INSERT INTO `data_aset` (`school_id`, `kode_inventaris`, `nama_aset`, `tanggal_aset`, `masa_garansi`, `harga_aset`, `kondisi`, `nomor_seri`, `catatan`, `kategori_aset_id`, `kategori_data_id`, `anggaran_id`, `ruangan_id`, `bukti_gambar`) VALUES (:school_id:, :kode_inventaris:, :nama_aset:, :tanggal_aset:, :masa_garansi:, :harga_aset:, :kondisi:, :nomor_seri:, :catatan:, :kategori_aset_id:, :kategori_data_id:, :anggaran_id:, :ruangan_id:, :bukti_gambar:)', [...], false)
 5 SYSTEMPATH\Model.php(327): CodeIgniter\Database\BaseBuilder->insert()
 6 SYSTEMPATH\BaseModel.php(805): CodeIgniter\Model->doInsert([...])
 7 SYSTEMPATH\Model.php(749): CodeIgniter\BaseModel->insert([...], true)
 8 APPPATH\Controllers\DataAsetController.php(94): CodeIgniter\Model->insert([...])
 9 SYSTEMPATH\CodeIgniter.php(943): App\Controllers\DataAsetController->store()
10 SYSTEMPATH\CodeIgniter.php(503): CodeIgniter\CodeIgniter->runController(Object(App\Controllers\DataAsetController))
11 SYSTEMPATH\CodeIgniter.php(361): CodeIgniter\CodeIgniter->handleRequest(null, Object(Config\Cache), false)
12 FCPATH\index.php(79): CodeIgniter\CodeIgniter->run()
13 SYSTEMPATH\Commands\Server\rewrite.php(47): require_once('C:\\xampp\\htdocs\\sarpras\\public\\index.php')
